<?xml version="1.0" encoding="UTF-8"?>
<testsuite xmlns:xsi="http://www.w3.org/2001/XMLSchema-instance" xsi:noNamespaceSchemaLocation="https://maven.apache.org/surefire/maven-surefire-plugin/xsd/surefire-test-report.xsd" name="com.test.Client.ClientTest" time="4.617" tests="55" errors="0" skipped="0" failures="0">
  <properties>
[...]
</properties>
  <testcase name="delKeyVersion" classname="com.test.Client.ClientTest" time="0.742"/>
  <testcase name="delKeyVersion[1]" classname="com.test.Client.ClientTest" time="0.066"/>
  <testcase name="delKeyVersion[2]" classname="com.test.Client.ClientTest" time="0.066"/>
  <testcase name="delKeyVersion[3]" classname="com.test.Client.ClientTest" time="0.075"/>
  <testcase name="delKeyVersion[4]" classname="com.test.Client.ClientTest" time="0.064"/>
  <testcase name="delKeyVersion[5]" classname="com.test.Client.ClientTest" time="0.064"/>
  <testcase name="delKeyVersion[6]" classname="com.test.Client.ClientTest" time="0.063"/>
  <testcase name="delKeyVersion[7]" classname="com.test.Client.ClientTest" time="0.062"/>
  <testcase name="delKeyVersion[8]" classname="com.test.Client.ClientTest" time="0.07"/>
  <testcase name="delKeyVersion[9]" classname="com.test.Client.ClientTest" time="0.063"/>
  <testcase name="delKeyVersion[10]" classname="com.test.Client.ClientTest" time="0.066"/>
  <testcase name="del" classname="com.test.Client.ClientTest" time="0.07"/>
  <testcase name="del[1]" classname="com.test.Client.ClientTest" time="0.063"/>
  <testcase name="del[2]" classname="com.test.Client.ClientTest" time="0.065"/>
  <testcase name="del[3]" classname="com.test.Client.ClientTest" time="0.067"/>
  <testcase name="del[4]" classname="com.test.Client.ClientTest" time="0.059"/>
  <testcase name="del[5]" classname="com.test.Client.ClientTest" time="0.062"/>
  <testcase name="del[6]" classname="com.test.Client.ClientTest" time="0.071"/>
  <testcase name="del[7]" classname="com.test.Client.ClientTest" time="0.065"/>
  <testcase name="del[8]" classname="com.test.Client.ClientTest" time="0.062"/>
  <testcase name="del[9]" classname="com.test.Client.ClientTest" time="0.063"/>
  <testcase name="del[10]" classname="com.test.Client.ClientTest" time="0.059"/>
  <testcase name="get" classname="com.test.Client.ClientTest" time="0.024"/>
  <testcase name="get[1]" classname="com.test.Client.ClientTest" time="0.029"/>
  <testcase name="get[2]" classname="com.test.Client.ClientTest" time="0.016"/>
  <testcase name="get[3]" classname="com.test.Client.ClientTest" time="0.028"/>
  <testcase name="get[4]" classname="com.test.Client.ClientTest" time="0.014"/>
  <testcase name="get[5]" classname="com.test.Client.ClientTest" time="0.023"/>
  <testcase name="get[6]" classname="com.test.Client.ClientTest" time="0.026"/>
  <testcase name="get[7]" classname="com.test.Client.ClientTest" time="0.019"/>
  <testcase name="get[8]" classname="com.test.Client.ClientTest" time="0.021"/>
  <testcase name="get[9]" classname="com.test.Client.ClientTest" time="0.033"/>
  <testcase name="get[10]" classname="com.test.Client.ClientTest" time="0.013"/>
  <testcase name="set" classname="com.test.Client.ClientTest" time="0.132"/>
  <testcase name="set[1]" classname="com.test.Client.ClientTest" time="0.053"/>
  <testcase name="set[2]" classname="com.test.Client.ClientTest" time="0.056"/>
  <testcase name="set[3]" classname="com.test.Client.ClientTest" time="0.073"/>
  <testcase name="set[4]" classname="com.test.Client.ClientTest" time="0.074"/>
  <testcase name="set[5]" classname="com.test.Client.ClientTest" time="0.055"/>
  <testcase name="set[6]" classname="com.test.Client.ClientTest" time="0.06"/>
  <testcase name="set[7]" classname="com.test.Client.ClientTest" time="0.06"/>
  <testcase name="set[8]" classname="com.test.Client.ClientTest" time="0.066"/>
  <testcase name="set[9]" classname="com.test.Client.ClientTest" time="0.079"/>
  <testcase name="set[10]" classname="com.test.Client.ClientTest" time="0.051"/>
  <testcase name="testAndSet" classname="com.test.Client.ClientTest" time="0.078"/>
  <testcase name="testAndSet[1]" classname="com.test.Client.ClientTest" time="0.085"/>
  <testcase name="testAndSet[2]" classname="com.test.Client.ClientTest" time="0.1"/>
  <testcase name="testAndSet[3]" classname="com.test.Client.ClientTest" time="0.058"/>
  <testcase name="testAndSet[4]" classname="com.test.Client.ClientTest" time="0.078"/>
  <testcase name="testAndSet[5]" classname="com.test.Client.ClientTest" time="0.099"/>
  <testcase name="testAndSet[6]" classname="com.test.Client.ClientTest" time="0.083"/>
  <testcase name="testAndSet[7]" classname="com.test.Client.ClientTest" time="0.086"/>
  <testcase name="testAndSet[8]" classname="com.test.Client.ClientTest" time="0.098"/>
  <testcase name="testAndSet[9]" classname="com.test.Client.ClientTest" time="0.06"/>
  <testcase name="testAndSet[10]" classname="com.test.Client.ClientTest" time="0.071"/>
</testsuite>