<?xml version="1.0" encoding="UTF-8"?>
<testsuite xmlns:xsi="http://www.w3.org/2001/XMLSchema-instance" xsi:noNamespaceSchemaLocation="https://maven.apache.org/surefire/maven-surefire-plugin/xsd/surefire-test-report.xsd" name="com.test.Client.ClientStressTest" time="995.661" tests="5005" errors="0" skipped="0" failures="0">
  <properties>
[...]
</properties>
  <testcase name="delKeyVersion" classname="com.test.Client.ClientStressTest" time="0.732"/>
  <testcase name="delKeyVersion[1]" classname="com.test.Client.ClientStressTest" time="0.058"/>
  <testcase name="delKeyVersion[2]" classname="com.test.Client.ClientStressTest" time="0.062"/>
  <testcase name="delKeyVersion[3]" classname="com.test.Client.ClientStressTest" time="0.062"/>
  <testcase name="delKeyVersion[4]" classname="com.test.Client.ClientStressTest" time="0.068"/>
  <testcase name="delKeyVersion[5]" classname="com.test.Client.ClientStressTest" time="0.062"/>
  <testcase name="delKeyVersion[6]" classname="com.test.Client.ClientStressTest" time="0.065"/>
  <testcase name="delKeyVersion[7]" classname="com.test.Client.ClientStressTest" time="0.05"/>
  <testcase name="delKeyVersion[8]" classname="com.test.Client.ClientStressTest" time="0.072"/>
  <testcase name="delKeyVersion[9]" classname="com.test.Client.ClientStressTest" time="0.224"/>
  <testcase name="delKeyVersion[10]" classname="com.test.Client.ClientStressTest" time="4.256"/>
  <testcase name="delKeyVersion[11]" classname="com.test.Client.ClientStressTest" time="0.749"/>
  <testcase name="delKeyVersion[12]" classname="com.test.Client.ClientStressTest" time="0.122"/>
  <testcase name="delKeyVersion[13]" classname="com.test.Client.ClientStressTest" time="0.131"/>
  <testcase name="delKeyVersion[14]" classname="com.test.Client.ClientStressTest" time="0.122"/>
  <testcase name="delKeyVersion[15]" classname="com.test.Client.ClientStressTest" time="0.118"/>
  <testcase name="delKeyVersion[16]" classname="com.test.Client.ClientStressTest" time="0.117"/>
  <testcase name="delKeyVersion[17]" classname="com.test.Client.ClientStressTest" time="0.132"/>
  <testcase name="delKeyVersion[18]" classname="com.test.Client.ClientStressTest" time="0.131"/>
  <testcase name="delKeyVersion[19]" classname="com.test.Client.ClientStressTest" time="0.13"/>
  <testcase name="delKeyVersion[20]" classname="com.test.Client.ClientStressTest" time="0.136"/>
  <testcase name="delKeyVersion[21]" classname="com.test.Client.ClientStressTest" time="0.129"/>
  <testcase name="delKeyVersion[22]" classname="com.test.Client.ClientStressTest" time="0.142"/>
  <testcase name="delKeyVersion[23]" classname="com.test.Client.ClientStressTest" time="0.143"/>
  <testcase name="delKeyVersion[24]" classname="com.test.Client.ClientStressTest" time="0.117"/>
  <testcase name="delKeyVersion[25]" classname="com.test.Client.ClientStressTest" time="0.137"/>
  <testcase name="delKeyVersion[26]" classname="com.test.Client.ClientStressTest" time="0.119"/>
  <testcase name="delKeyVersion[27]" classname="com.test.Client.ClientStressTest" time="0.12"/>
  <testcase name="delKeyVersion[28]" classname="com.test.Client.ClientStressTest" time="0.137"/>
  <testcase name="delKeyVersion[29]" classname="com.test.Client.ClientStressTest" time="0.137"/>
  <testcase name="delKeyVersion[30]" classname="com.test.Client.ClientStressTest" time="0.16"/>
  <testcase name="delKeyVersion[31]" classname="com.test.Client.ClientStressTest" time="0.123"/>
  <testcase name="delKeyVersion[32]" classname="com.test.Client.ClientStressTest" time="0.134"/>
  <testcase name="delKeyVersion[33]" classname="com.test.Client.ClientStressTest" time="0.132"/>
  <testcase name="delKeyVersion[34]" classname="com.test.Client.ClientStressTest" time="0.127"/>
  <testcase name="delKeyVersion[35]" classname="com.test.Client.ClientStressTest" time="0.123"/>
  <testcase name="delKeyVersion[36]" classname="com.test.Client.ClientStressTest" time="0.15"/>
  <testcase name="delKeyVersion[37]" classname="com.test.Client.ClientStressTest" time="0.199"/>
  <testcase name="delKeyVersion[38]" classname="com.test.Client.ClientStressTest" time="0.398"/>
  <testcase name="delKeyVersion[39]" classname="com.test.Client.ClientStressTest" time="0.554"/>
  <testcase name="delKeyVersion[40]" classname="com.test.Client.ClientStressTest" time="0.131"/>
  <testcase name="delKeyVersion[41]" classname="com.test.Client.ClientStressTest" time="0.131"/>
  <testcase name="delKeyVersion[42]" classname="com.test.Client.ClientStressTest" time="0.129"/>
  <testcase name="delKeyVersion[43]" classname="com.test.Client.ClientStressTest" time="0.226"/>
  <testcase name="delKeyVersion[44]" classname="com.test.Client.ClientStressTest" time="0.13"/>
  <testcase name="delKeyVersion[45]" classname="com.test.Client.ClientStressTest" time="0.116"/>
  <testcase name="delKeyVersion[46]" classname="com.test.Client.ClientStressTest" time="0.121"/>
  <testcase name="delKeyVersion[47]" classname="com.test.Client.ClientStressTest" time="0.125"/>
  <testcase name="delKeyVersion[48]" classname="com.test.Client.ClientStressTest" time="0.14"/>
  <testcase name="delKeyVersion[49]" classname="com.test.Client.ClientStressTest" time="0.114"/>
  <testcase name="delKeyVersion[50]" classname="com.test.Client.ClientStressTest" time="0.141"/>
  <testcase name="delKeyVersion[51]" classname="com.test.Client.ClientStressTest" time="0.133"/>
  <testcase name="delKeyVersion[52]" classname="com.test.Client.ClientStressTest" time="0.244"/>
  <testcase name="delKeyVersion[53]" classname="com.test.Client.ClientStressTest" time="0.202"/>
  <testcase name="delKeyVersion[54]" classname="com.test.Client.ClientStressTest" time="0.248"/>
  <testcase name="delKeyVersion[55]" classname="com.test.Client.ClientStressTest" time="0.226"/>
  <testcase name="delKeyVersion[56]" classname="com.test.Client.ClientStressTest" time="0.204"/>
  <testcase name="delKeyVersion[57]" classname="com.test.Client.ClientStressTest" time="0.243"/>
  <testcase name="delKeyVersion[58]" classname="com.test.Client.ClientStressTest" time="0.306"/>
  <testcase name="delKeyVersion[59]" classname="com.test.Client.ClientStressTest" time="0.13"/>
  <testcase name="delKeyVersion[60]" classname="com.test.Client.ClientStressTest" time="0.459"/>
  <testcase name="delKeyVersion[61]" classname="com.test.Client.ClientStressTest" time="0.734"/>
  <testcase name="delKeyVersion[62]" classname="com.test.Client.ClientStressTest" time="0.165"/>
  <testcase name="delKeyVersion[63]" classname="com.test.Client.ClientStressTest" time="0.227"/>
  <testcase name="delKeyVersion[64]" classname="com.test.Client.ClientStressTest" time="0.286"/>
  <testcase name="delKeyVersion[65]" classname="com.test.Client.ClientStressTest" time="0.124"/>
  <testcase name="delKeyVersion[66]" classname="com.test.Client.ClientStressTest" time="0.294"/>
  <testcase name="delKeyVersion[67]" classname="com.test.Client.ClientStressTest" time="0.118"/>
  <testcase name="delKeyVersion[68]" classname="com.test.Client.ClientStressTest" time="0.144"/>
  <testcase name="delKeyVersion[69]" classname="com.test.Client.ClientStressTest" time="0.135"/>
  <testcase name="delKeyVersion[70]" classname="com.test.Client.ClientStressTest" time="0.295"/>
  <testcase name="delKeyVersion[71]" classname="com.test.Client.ClientStressTest" time="0.957"/>
  <testcase name="delKeyVersion[72]" classname="com.test.Client.ClientStressTest" time="0.32"/>
  <testcase name="delKeyVersion[73]" classname="com.test.Client.ClientStressTest" time="0.208"/>
  <testcase name="delKeyVersion[74]" classname="com.test.Client.ClientStressTest" time="0.425"/>
  <testcase name="delKeyVersion[75]" classname="com.test.Client.ClientStressTest" time="0.336"/>
  <testcase name="delKeyVersion[76]" classname="com.test.Client.ClientStressTest" time="0.329"/>
  <testcase name="delKeyVersion[77]" classname="com.test.Client.ClientStressTest" time="0.923"/>
  <testcase name="delKeyVersion[78]" classname="com.test.Client.ClientStressTest" time="2.15"/>
  <testcase name="delKeyVersion[79]" classname="com.test.Client.ClientStressTest" time="2.365"/>
  <testcase name="delKeyVersion[80]" classname="com.test.Client.ClientStressTest" time="1.255"/>
  <testcase name="delKeyVersion[81]" classname="com.test.Client.ClientStressTest" time="1.415"/>
  <testcase name="delKeyVersion[82]" classname="com.test.Client.ClientStressTest" time="0.347"/>
  <testcase name="delKeyVersion[83]" classname="com.test.Client.ClientStressTest" time="0.126"/>
  <testcase name="delKeyVersion[84]" classname="com.test.Client.ClientStressTest" time="0.133"/>
  <testcase name="delKeyVersion[85]" classname="com.test.Client.ClientStressTest" time="0.135"/>
  <testcase name="delKeyVersion[86]" classname="com.test.Client.ClientStressTest" time="0.12"/>
  <testcase name="delKeyVersion[87]" classname="com.test.Client.ClientStressTest" time="0.117"/>
  <testcase name="delKeyVersion[88]" classname="com.test.Client.ClientStressTest" time="0.13"/>
  <testcase name="delKeyVersion[89]" classname="com.test.Client.ClientStressTest" time="0.307"/>
  <testcase name="delKeyVersion[90]" classname="com.test.Client.ClientStressTest" time="0.122"/>
  <testcase name="delKeyVersion[91]" classname="com.test.Client.ClientStressTest" time="0.181"/>
  <testcase name="delKeyVersion[92]" classname="com.test.Client.ClientStressTest" time="0.123"/>
  <testcase name="delKeyVersion[93]" classname="com.test.Client.ClientStressTest" time="0.128"/>
  <testcase name="delKeyVersion[94]" classname="com.test.Client.ClientStressTest" time="0.123"/>
  <testcase name="delKeyVersion[95]" classname="com.test.Client.ClientStressTest" time="0.123"/>
  <testcase name="delKeyVersion[96]" classname="com.test.Client.ClientStressTest" time="0.287"/>
  <testcase name="delKeyVersion[97]" classname="com.test.Client.ClientStressTest" time="0.117"/>
  <testcase name="delKeyVersion[98]" classname="com.test.Client.ClientStressTest" time="0.322"/>
  <testcase name="delKeyVersion[99]" classname="com.test.Client.ClientStressTest" time="0.121"/>
  <testcase name="delKeyVersion[100]" classname="com.test.Client.ClientStressTest" time="0.301"/>
  <testcase name="delKeyVersion[101]" classname="com.test.Client.ClientStressTest" time="0.22"/>
  <testcase name="delKeyVersion[102]" classname="com.test.Client.ClientStressTest" time="0.13"/>
  <testcase name="delKeyVersion[103]" classname="com.test.Client.ClientStressTest" time="0.131"/>
  <testcase name="delKeyVersion[104]" classname="com.test.Client.ClientStressTest" time="0.128"/>
  <testcase name="delKeyVersion[105]" classname="com.test.Client.ClientStressTest" time="0.129"/>
  <testcase name="delKeyVersion[106]" classname="com.test.Client.ClientStressTest" time="0.122"/>
  <testcase name="delKeyVersion[107]" classname="com.test.Client.ClientStressTest" time="0.141"/>
  <testcase name="delKeyVersion[108]" classname="com.test.Client.ClientStressTest" time="0.132"/>
  <testcase name="delKeyVersion[109]" classname="com.test.Client.ClientStressTest" time="0.146"/>
  <testcase name="delKeyVersion[110]" classname="com.test.Client.ClientStressTest" time="0.132"/>
  <testcase name="delKeyVersion[111]" classname="com.test.Client.ClientStressTest" time="0.172"/>
  <testcase name="delKeyVersion[112]" classname="com.test.Client.ClientStressTest" time="0.17"/>
  <testcase name="delKeyVersion[113]" classname="com.test.Client.ClientStressTest" time="0.129"/>
  <testcase name="delKeyVersion[114]" classname="com.test.Client.ClientStressTest" time="0.122"/>
  <testcase name="delKeyVersion[115]" classname="com.test.Client.ClientStressTest" time="0.151"/>
  <testcase name="delKeyVersion[116]" classname="com.test.Client.ClientStressTest" time="0.127"/>
  <testcase name="delKeyVersion[117]" classname="com.test.Client.ClientStressTest" time="0.132"/>
  <testcase name="delKeyVersion[118]" classname="com.test.Client.ClientStressTest" time="0.117"/>
  <testcase name="delKeyVersion[119]" classname="com.test.Client.ClientStressTest" time="0.137"/>
  <testcase name="delKeyVersion[120]" classname="com.test.Client.ClientStressTest" time="0.136"/>
  <testcase name="delKeyVersion[121]" classname="com.test.Client.ClientStressTest" time="0.131"/>
  <testcase name="delKeyVersion[122]" classname="com.test.Client.ClientStressTest" time="0.125"/>
  <testcase name="delKeyVersion[123]" classname="com.test.Client.ClientStressTest" time="0.112"/>
  <testcase name="delKeyVersion[124]" classname="com.test.Client.ClientStressTest" time="0.13"/>
  <testcase name="delKeyVersion[125]" classname="com.test.Client.ClientStressTest" time="0.135"/>
  <testcase name="delKeyVersion[126]" classname="com.test.Client.ClientStressTest" time="0.133"/>
  <testcase name="delKeyVersion[127]" classname="com.test.Client.ClientStressTest" time="0.202"/>
  <testcase name="delKeyVersion[128]" classname="com.test.Client.ClientStressTest" time="0.131"/>
  <testcase name="delKeyVersion[129]" classname="com.test.Client.ClientStressTest" time="0.12"/>
  <testcase name="delKeyVersion[130]" classname="com.test.Client.ClientStressTest" time="0.131"/>
  <testcase name="delKeyVersion[131]" classname="com.test.Client.ClientStressTest" time="0.14"/>
  <testcase name="delKeyVersion[132]" classname="com.test.Client.ClientStressTest" time="0.122"/>
  <testcase name="delKeyVersion[133]" classname="com.test.Client.ClientStressTest" time="0.133"/>
  <testcase name="delKeyVersion[134]" classname="com.test.Client.ClientStressTest" time="0.113"/>
  <testcase name="delKeyVersion[135]" classname="com.test.Client.ClientStressTest" time="0.265"/>
  <testcase name="delKeyVersion[136]" classname="com.test.Client.ClientStressTest" time="0.116"/>
  <testcase name="delKeyVersion[137]" classname="com.test.Client.ClientStressTest" time="0.126"/>
  <testcase name="delKeyVersion[138]" classname="com.test.Client.ClientStressTest" time="0.132"/>
  <testcase name="delKeyVersion[139]" classname="com.test.Client.ClientStressTest" time="0.132"/>
  <testcase name="delKeyVersion[140]" classname="com.test.Client.ClientStressTest" time="0.12"/>
  <testcase name="delKeyVersion[141]" classname="com.test.Client.ClientStressTest" time="0.115"/>
  <testcase name="delKeyVersion[142]" classname="com.test.Client.ClientStressTest" time="0.126"/>
  <testcase name="delKeyVersion[143]" classname="com.test.Client.ClientStressTest" time="0.303"/>
  <testcase name="delKeyVersion[144]" classname="com.test.Client.ClientStressTest" time="0.132"/>
  <testcase name="delKeyVersion[145]" classname="com.test.Client.ClientStressTest" time="0.125"/>
  <testcase name="delKeyVersion[146]" classname="com.test.Client.ClientStressTest" time="0.129"/>
  <testcase name="delKeyVersion[147]" classname="com.test.Client.ClientStressTest" time="0.164"/>
  <testcase name="delKeyVersion[148]" classname="com.test.Client.ClientStressTest" time="0.167"/>
  <testcase name="delKeyVersion[149]" classname="com.test.Client.ClientStressTest" time="0.552"/>
  <testcase name="delKeyVersion[150]" classname="com.test.Client.ClientStressTest" time="0.29"/>
  <testcase name="delKeyVersion[151]" classname="com.test.Client.ClientStressTest" time="0.29"/>
  <testcase name="delKeyVersion[152]" classname="com.test.Client.ClientStressTest" time="0.313"/>
  <testcase name="delKeyVersion[153]" classname="com.test.Client.ClientStressTest" time="0.132"/>
  <testcase name="delKeyVersion[154]" classname="com.test.Client.ClientStressTest" time="0.288"/>
  <testcase name="delKeyVersion[155]" classname="com.test.Client.ClientStressTest" time="0.27"/>
  <testcase name="delKeyVersion[156]" classname="com.test.Client.ClientStressTest" time="0.326"/>
  <testcase name="delKeyVersion[157]" classname="com.test.Client.ClientStressTest" time="0.329"/>
  <testcase name="delKeyVersion[158]" classname="com.test.Client.ClientStressTest" time="0.319"/>
  <testcase name="delKeyVersion[159]" classname="com.test.Client.ClientStressTest" time="0.622"/>
  <testcase name="delKeyVersion[160]" classname="com.test.Client.ClientStressTest" time="0.22"/>
  <testcase name="delKeyVersion[161]" classname="com.test.Client.ClientStressTest" time="0.364"/>
  <testcase name="delKeyVersion[162]" classname="com.test.Client.ClientStressTest" time="0.294"/>
  <testcase name="delKeyVersion[163]" classname="com.test.Client.ClientStressTest" time="0.116"/>
  <testcase name="delKeyVersion[164]" classname="com.test.Client.ClientStressTest" time="0.279"/>
  <testcase name="delKeyVersion[165]" classname="com.test.Client.ClientStressTest" time="0.298"/>
  <testcase name="delKeyVersion[166]" classname="com.test.Client.ClientStressTest" time="0.294"/>
  <testcase name="delKeyVersion[167]" classname="com.test.Client.ClientStressTest" time="0.136"/>
  <testcase name="delKeyVersion[168]" classname="com.test.Client.ClientStressTest" time="0.263"/>
  <testcase name="delKeyVersion[169]" classname="com.test.Client.ClientStressTest" time="0.297"/>
  <testcase name="delKeyVersion[170]" classname="com.test.Client.ClientStressTest" time="0.285"/>
  <testcase name="delKeyVersion[171]" classname="com.test.Client.ClientStressTest" time="0.278"/>
  <testcase name="delKeyVersion[172]" classname="com.test.Client.ClientStressTest" time="0.304"/>
  <testcase name="delKeyVersion[173]" classname="com.test.Client.ClientStressTest" time="0.281"/>
  <testcase name="delKeyVersion[174]" classname="com.test.Client.ClientStressTest" time="0.301"/>
  <testcase name="delKeyVersion[175]" classname="com.test.Client.ClientStressTest" time="0.264"/>
  <testcase name="delKeyVersion[176]" classname="com.test.Client.ClientStressTest" time="0.219"/>
  <testcase name="delKeyVersion[177]" classname="com.test.Client.ClientStressTest" time="0.144"/>
  <testcase name="delKeyVersion[178]" classname="com.test.Client.ClientStressTest" time="0.173"/>
  <testcase name="delKeyVersion[179]" classname="com.test.Client.ClientStressTest" time="0.125"/>
  <testcase name="delKeyVersion[180]" classname="com.test.Client.ClientStressTest" time="0.106"/>
  <testcase name="delKeyVersion[181]" classname="com.test.Client.ClientStressTest" time="0.139"/>
  <testcase name="delKeyVersion[182]" classname="com.test.Client.ClientStressTest" time="0.154"/>
  <testcase name="delKeyVersion[183]" classname="com.test.Client.ClientStressTest" time="0.28"/>
  <testcase name="delKeyVersion[184]" classname="com.test.Client.ClientStressTest" time="0.137"/>
  <testcase name="delKeyVersion[185]" classname="com.test.Client.ClientStressTest" time="0.12"/>
  <testcase name="delKeyVersion[186]" classname="com.test.Client.ClientStressTest" time="0.135"/>
  <testcase name="delKeyVersion[187]" classname="com.test.Client.ClientStressTest" time="0.132"/>
  <testcase name="delKeyVersion[188]" classname="com.test.Client.ClientStressTest" time="0.124"/>
  <testcase name="delKeyVersion[189]" classname="com.test.Client.ClientStressTest" time="0.133"/>
  <testcase name="delKeyVersion[190]" classname="com.test.Client.ClientStressTest" time="0.124"/>
  <testcase name="delKeyVersion[191]" classname="com.test.Client.ClientStressTest" time="0.305"/>
  <testcase name="delKeyVersion[192]" classname="com.test.Client.ClientStressTest" time="0.129"/>
  <testcase name="delKeyVersion[193]" classname="com.test.Client.ClientStressTest" time="0.122"/>
  <testcase name="delKeyVersion[194]" classname="com.test.Client.ClientStressTest" time="0.12"/>
  <testcase name="delKeyVersion[195]" classname="com.test.Client.ClientStressTest" time="0.154"/>
  <testcase name="delKeyVersion[196]" classname="com.test.Client.ClientStressTest" time="0.153"/>
  <testcase name="delKeyVersion[197]" classname="com.test.Client.ClientStressTest" time="0.128"/>
  <testcase name="delKeyVersion[198]" classname="com.test.Client.ClientStressTest" time="0.347"/>
  <testcase name="delKeyVersion[199]" classname="com.test.Client.ClientStressTest" time="0.119"/>
  <testcase name="delKeyVersion[200]" classname="com.test.Client.ClientStressTest" time="0.136"/>
  <testcase name="delKeyVersion[201]" classname="com.test.Client.ClientStressTest" time="0.13"/>
  <testcase name="delKeyVersion[202]" classname="com.test.Client.ClientStressTest" time="0.13"/>
  <testcase name="delKeyVersion[203]" classname="com.test.Client.ClientStressTest" time="0.136"/>
  <testcase name="delKeyVersion[204]" classname="com.test.Client.ClientStressTest" time="0.106"/>
  <testcase name="delKeyVersion[205]" classname="com.test.Client.ClientStressTest" time="0.275"/>
  <testcase name="delKeyVersion[206]" classname="com.test.Client.ClientStressTest" time="0.133"/>
  <testcase name="delKeyVersion[207]" classname="com.test.Client.ClientStressTest" time="0.274"/>
  <testcase name="delKeyVersion[208]" classname="com.test.Client.ClientStressTest" time="0.321"/>
  <testcase name="delKeyVersion[209]" classname="com.test.Client.ClientStressTest" time="0.297"/>
  <testcase name="delKeyVersion[210]" classname="com.test.Client.ClientStressTest" time="0.119"/>
  <testcase name="delKeyVersion[211]" classname="com.test.Client.ClientStressTest" time="0.333"/>
  <testcase name="delKeyVersirsion[212]" classname="com.test.Client.ClientStressTest" time="0.111"/>
  <testcase name="delKeyVersion[213]" classname="com.test.Client.ClientStressTest" time="0.29"/>
  <testcase name="delKeyVersion[214]" classname="com.test.Client.ClientStressTest" time="0.275"/>
  <testcase name="delKeyVersion[215]" classname="com.test.Client.ClientStressTest" time="0.318"/>
  <testcase name="delKeyVersion[216]" classname="com.test.Client.ClientStressTest" time="0.281"/>
  <testcase name="delKeyVersion[217]" classname="com.test.Client.ClientStressTest" time="0.286"/>
  <testcase name="delKeyVersion[218]" classname="com.test.Client.ClientStressTest" time="0.299"/>
  <testcase name="delKeyVersion[219]" classname="com.test.Client.ClientStressTest" time="0.453"/>
  <testcase name="delKeyVersion[220]" classname="com.test.Client.ClientStressTest" time="0.19"/>
  <testcase name="delKeyVersion[221]" classname="com.test.Client.ClientStressTest" time="0.389"/>
  <testcase name="delKeyVersion[222]" classname="com.test.Client.ClientStressTest" time="0.119"/>
  <testcase name="delKeyVersion[223]" classname="com.test.Client.ClientStressTest" time="0.131"/>
  <testcase name="delKeyVersion[224]" classname="com.test.Client.ClientStressTest" time="0.14"/>
  <testcase name="delKeyVersion[225]" classname="com.test.Client.ClientStressTest" time="0.123"/>
  <testcase name="delKeyVersion[226]" classname="com.test.Client.ClientStressTest" time="0.298"/>
  <testcase name="delKeyVersion[227]" classname="com.test.Client.ClientStressTest" time="0.163"/>
  <testcase name="delKeyVersion[228]" classname="com.test.Client.ClientStressTest" time="0.117"/>
  <testcase name="delKeyVersion[229]" classname="com.test.Client.ClientStressTest" time="0.135"/>
  <testcase name="delKeyVersion[230]" classname="com.test.Client.ClientStressTest" time="0.12"/>
  <testcase name="delKeyVersion[231]" classname="com.test.Client.ClientStressTest" time="0.112"/>
  <testcase name="delKeyVersion[232]" classname="com.test.Client.ClientStressTest" time="0.131"/>
  <testcase name="delKeyVersion[233]" classname="com.test.Client.ClientStressTest" time="0.121"/>
  <testcase name="delKeyVersion[234]" classname="com.test.Client.ClientStressTest" time="0.445"/>
  <testcase name="delKeyVersion[235]" classname="com.test.Client.ClientStressTest" time="0.172"/>
  <testcase name="delKeyVersion[236]" classname="com.test.Client.ClientStressTest" time="0.133"/>
  <testcase name="delKeyVersion[237]" classname="com.test.Client.ClientStressTest" time="0.337"/>
  <testcase name="delKeyVersion[238]" classname="com.test.Client.ClientStressTest" time="0.302"/>
  <testcase name="delKeyVersion[239]" classname="com.test.Client.ClientStressTest" time="0.289"/>
  <testcase name="delKeyVersion[240]" classname="com.test.Client.ClientStressTest" time="0.133"/>
  <testcase name="delKeyVersion[241]" classname="com.test.Client.ClientStressTest" time="0.475"/>
  <testcase name="delKeyVersion[242]" classname="com.test.Client.ClientStressTest" time="0.133"/>
  <testcase name="delKeyVersion[243]" classname="com.test.Client.ClientStressTest" time="0.298"/>
  <testcase name="delKeyVersion[244]" classname="com.test.Client.ClientStressTest" time="0.278"/>
  <testcase name="delKeyVersion[245]" classname="com.test.Client.ClientStressTest" time="0.555"/>
  <testcase name="delKeyVersion[246]" classname="com.test.Client.ClientStressTest" time="0.132"/>
  <testcase name="delKeyVersion[247]" classname="com.test.Client.ClientStressTest" time="0.302"/>
  <testcase name="delKeyVersion[248]" classname="com.test.Client.ClientStressTest" time="0.391"/>
  <testcase name="delKeyVersion[249]" classname="com.test.Client.ClientStressTest" time="0.12"/>
  <testcase name="delKeyVersion[250]" classname="com.test.Client.ClientStressTest" time="0.155"/>
  <testcase name="delKeyVersion[251]" classname="com.test.Client.ClientStressTest" time="0.197"/>
  <testcase name="delKeyVersion[252]" classname="com.test.Client.ClientStressTest" time="0.282"/>
  <testcase name="delKeyVersion[253]" classname="com.test.Client.ClientStressTest" time="0.236"/>
  <testcase name="delKeyVersion[254]" classname="com.test.Client.ClientStressTest" time="0.182"/>
  <testcase name="delKeyVersion[255]" classname="com.test.Client.ClientStressTest" time="0.114"/>
  <testcase name="delKeyVersion[256]" classname="com.test.Client.ClientStressTest" time="0.133"/>
  <testcase name="delKeyVersion[257]" classname="com.test.Client.ClientStressTest" time="0.214"/>
  <testcase name="delKeyVersion[258]" classname="com.test.Client.ClientStressTest" time="0.117"/>
  <testcase name="delKeyVersion[259]" classname="com.test.Client.ClientStressTest" time="0.127"/>
  <testcase name="delKeyVersion[260]" classname="com.test.Client.ClientStressTest" time="0.117"/>
  <testcase name="delKeyVersion[261]" classname="com.test.Client.ClientStressTest" time="0.132"/>
  <testcase name="delKeyVersion[262]" classname="com.test.Client.ClientStressTest" time="0.123"/>
  <testcase name="delKeyVersion[263]" classname="com.test.Client.ClientStressTest" time="0.116"/>
  <testcase name="delKeyVersion[264]" classname="com.test.Client.ClientStressTest" time="0.157"/>
  <testcase name="delKeyVersion[265]" classname="com.test.Client.ClientStressTest" time="0.285"/>
  <testcase name="delKeyVersion[266]" classname="com.test.Client.ClientStressTest" time="0.126"/>
  <testcase name="delKeyVersion[267]" classname="com.test.Client.ClientStressTest" time="0.132"/>
  <testcase name="delKeyVersion[268]" classname="com.test.Client.ClientStressTest" time="0.17"/>
  <testcase name="delKeyVersion[269]" classname="com.test.Client.ClientStressTest" time="0.137"/>
  <testcase name="delKeyVersion[270]" classname="com.test.Client.ClientStressTest" time="0.12"/>
  <testcase name="delKeyVersion[271]" classname="com.test.Client.ClientStressTest" time="0.131"/>
  <testcase name="delKeyVersion[272]" classname="com.test.Client.ClientStressTest" time="0.309"/>
  <testcase name="delKeyVersion[273]" classname="com.test.Client.ClientStressTest" time="0.131"/>
  <testcase name="delKeyVersion[274]" classname="com.test.Client.ClientStressTest" time="0.133"/>
  <testcase name="delKeyVersion[275]" classname="com.test.Client.ClientStressTest" time="0.131"/>
  <testcase name="delKeyVersion[276]" classname="com.test.Client.ClientStressTest" time="0.126"/>
  <testcase name="delKeyVersion[277]" classname="com.test.Client.ClientStressTest" time="0.176"/>
  <testcase name="delKeyVersion[278]" classname="com.test.Client.ClientStressTest" time="0.119"/>
  <testcase name="delKeyVersion[279]" classname="com.test.Client.ClientStressTest" time="0.273"/>
  <testcase name="delKeyVersion[280]" classname="com.test.Client.ClientStressTest" time="0.136"/>
  <testcase name="delKeyVersion[281]" classname="com.test.Client.ClientStressTest" time="0.372"/>
  <testcase name="delKeyVersion[282]" classname="com.test.Client.ClientStressTest" time="1.034"/>
  <testcase name="delKeyVersion[283]" classname="com.test.Client.ClientStressTest" time="1.419"/>
  <testcase name="delKeyVersion[284]" classname="com.test.Client.ClientStressTest" time="1.071"/>
  <testcase name="delKeyVersion[285]" classname="com.test.Client.ClientStressTest" time="0.543"/>
  <testcase name="delKeyVersion[286]" classname="com.test.Client.ClientStressTest" time="0.623"/>
  <testcase name="delKeyVersion[287]" classname="com.test.Client.ClientStressTest" time="0.378"/>
  <testcase name="delKeyVersion[288]" classname="com.test.Client.ClientStressTest" time="0.309"/>
  <testcase name="delKeyVersion[289]" classname="com.test.Client.ClientStressTest" time="0.489"/>
  <testcase name="delKeyVersion[290]" classname="com.test.Client.ClientStressTest" time="0.352"/>
  <testcase name="delKeyVersion[291]" classname="com.test.Client.ClientStressTest" time="0.545"/>
  <testcase name="delKeyVersion[292]" classname="com.test.Client.ClientStressTest" time="0.449"/>
  <testcase name="delKeyVersion[293]" classname="com.test.Client.ClientStressTest" time="0.652"/>
  <testcase name="delKeyVersion[294]" classname="com.test.Client.ClientStressTest" time="0.708"/>
  <testcase name="delKeyVersion[295]" classname="com.test.Client.ClientStressTest" time="1.045"/>
  <testcase name="delKeyVersion[296]" classname="com.test.Client.ClientStressTest" time="1.247"/>
  <testcase name="delKeyVersion[297]" classname="com.test.Client.ClientStressTest" time="1.452"/>
  <testcase name="delKeyVersion[298]" classname="com.test.Client.ClientStressTest" time="0.781"/>
  <testcase name="delKeyVersion[299]" classname="com.test.Client.ClientStressTest" time="0.851"/>
  <testcase name="delKeyVersion[300]" classname="com.test.Client.ClientStressTest" time="1.155"/>
  <testcase name="delKeyVersion[301]" classname="com.test.Client.ClientStressTest" time="0.946"/>
  <testcase name="delKeyVersion[302]" classname="com.test.Client.ClientStressTest" time="0.584"/>
  <testcase name="delKeyVersion[303]" classname="com.test.Client.ClientStressTest" time="0.409"/>
  <testcase name="delKeyVersion[304]" classname="com.test.Client.ClientStressTest" time="0.726"/>
  <testcase name="delKeyVersion[305]" classname="com.test.Client.ClientStressTest" time="0.263"/>
  <testcase name="delKeyVersion[306]" classname="com.test.Client.ClientStressTest" time="0.346"/>
  <testcase name="delKeyVersion[307]" classname="com.test.Client.ClientStressTest" time="0.508"/>
  <testcase name="delKeyVersion[308]" classname="com.test.Client.ClientStressTest" time="0.166"/>
  <testcase name="delKeyVersion[309]" classname="com.test.Client.ClientStressTest" time="0.217"/>
  <testcase name="delKeyVersion[310]" classname="com.test.Client.ClientStressTest" time="0.257"/>
  <testcase name="delKeyVersion[311]" classname="com.test.Client.ClientStressTest" time="0.357"/>
  <testcase name="delKeyVersion[312]" classname="com.test.Client.ClientStressTest" time="0.232"/>
  <testcase name="delKeyVersion[313]" classname="com.test.Client.ClientStressTest" time="0.661"/>
  <testcase name="delKeyVersion[314]" classname="com.test.Client.ClientStressTest" time="0.634"/>
  <testcase name="delKeyVersion[315]" classname="com.test.Client.ClientStressTest" time="0.146"/>
  <testcase name="delKeyVersion[316]" classname="com.test.Client.ClientStressTest" time="0.194"/>
  <testcase name="delKeyVersion[317]" classname="com.test.Client.ClientStressTest" time="0.121"/>
  <testcase name="delKeyVersion[318]" classname="com.test.Client.ClientStressTest" time="0.393"/>
  <testcase name="delKeyVersion[319]" classname="com.test.Client.ClientStressTest" time="0.138"/>
  <testcase name="delKeyVersion[320]" classname="com.test.Client.ClientStressTest" time="0.164"/>
  <testcase name="delKeyVersion[321]" classname="com.test.Client.ClientStressTest" time="0.14"/>
  <testcase name="delKeyVersion[322]" classname="com.test.Client.ClientStressTest" time="0.128"/>
  <testcase name="delKeyVersion[323]" classname="com.test.Client.ClientStressTest" time="0.115"/>
  <testcase name="delKeyVersion[324]" classname="com.test.Client.ClientStressTest" time="0.436"/>
  <testcase name="delKeyVersion[325]" classname="com.test.Client.ClientStressTest" time="0.45"/>
  <testcase name="delKeyVersion[326]" classname="com.test.Client.ClientStressTest" time="0.202"/>
  <testcase name="delKeyVersion[327]" classname="com.test.Client.ClientStressTest" time="0.491"/>
  <testcase name="delKeyVersion[328]" classname="com.test.Client.ClientStressTest" time="0.134"/>
  <testcase name="delKeyVersion[329]" classname="com.test.Client.ClientStressTest" time="0.106"/>
  <testcase name="delKeyVersion[330]" classname="com.test.Client.ClientStressTest" time="0.12"/>
  <testcase name="delKeyVersion[331]" classname="com.test.Client.ClientStressTest" time="0.121"/>
  <testcase name="delKeyVersion[332]" classname="com.test.Client.ClientStressTest" time="0.132"/>
  <testcase name="delKeyVersion[333]" classname="com.test.Client.ClientStressTest" time="0.164"/>
  <testcase name="delKeyVersion[334]" classname="com.test.Client.ClientStressTest" time="0.102"/>
  <testcase name="delKeyVersion[335]" classname="com.test.Client.ClientStressTest" time="0.455"/>
  <testcase name="delKeyVersion[336]" classname="com.test.Client.ClientStressTest" time="0.178"/>
  <testcase name="delKeyVersion[337]" classname="com.test.Client.ClientStressTest" time="0.128"/>
  <testcase name="delKeyVersion[338]" classname="com.test.Client.ClientStressTest" time="0.121"/>
  <testcase name="delKeyVersion[339]" classname="com.test.Client.ClientStressTest" time="0.132"/>
  <testcase name="delKeyVersion[340]" classname="com.test.Client.ClientStressTest" time="0.124"/>
  <testcase name="delKeyVersion[341]" classname="com.test.Client.ClientStressTest" time="0.263"/>
  <testcase name="delKeyVersion[342]" classname="com.test.Client.ClientStressTest" time="0.108"/>
  <testcase name="delKeyVersion[343]" classname="com.test.Client.ClientStressTest" time="0.125"/>
  <testcase name="delKeyVersion[344]" classname="com.test.Client.ClientStressTest" time="0.139"/>
  <testcase name="delKeyVersion[345]" classname="com.test.Client.ClientStressTest" time="0.131"/>
  <testcase name="delKeyVersion[346]" classname="com.test.Client.ClientStressTest" time="0.117"/>
  <testcase name="delKeyVersion[347]" classname="com.test.Client.ClientStressTest" time="0.12"/>
  <testcase name="delKeyVersion[348]" classname="com.test.Client.ClientStressTest" time="0.131"/>
  <testcase name="delKeyVersion[349]" classname="com.test.Client.ClientStressTest" time="0.326"/>
  <testcase name="delKeyVersion[350]" classname="com.test.Client.ClientStressTest" time="0.273"/>
  <testcase name="delKeyVersion[351]" classname="com.test.Client.ClientStressTest" time="0.17"/>
  <testcase name="delKeyVersion[352]" classname="com.test.Client.ClientStressTest" time="0.584"/>
  <testcase name="delKeyVersion[353]" classname="com.test.Client.ClientStressTest" time="0.199"/>
  <testcase name="delKeyVersion[354]" classname="com.test.Client.ClientStressTest" time="0.319"/>
  <testcase name="delKeyVersion[355]" classname="com.test.Client.ClientStressTest" time="0.123"/>
  <testcase name="delKeyVersion[356]" classname="com.test.Client.ClientStressTest" time="0.298"/>
  <testcase name="delKeyVersion[357]" classname="com.test.Client.ClientStressTest" time="0.289"/>
  <testcase name="delKeyVersion[358]" classname="com.test.Client.ClientStressTest" time="0.306"/>
  <testcase name="delKeyVersion[359]" classname="com.test.Client.ClientStressTest" time="0.293"/>
  <testcase name="delKeyVersion[360]" classname="com.test.Client.ClientStressTest" time="0.349"/>
  <testcase name="delKeyVersion[361]" classname="com.test.Client.ClientStressTest" time="0.262"/>
  <testcase name="delKeyVersion[362]" classname="com.test.Client.ClientStressTest" time="0.299"/>
  <testcase name="delKeyVersion[363]" classname="com.test.Client.ClientStressTest" time="0.481"/>
  <testcase name="delKeyVersion[364]" classname="com.test.Client.ClientStressTest" time="0.273"/>
  <testcase name="delKeyVersion[365]" classname="com.test.Client.ClientStressTest" time="0.344"/>
  <testcase name="delKeyVersion[366]" classname="com.test.Client.ClientStressTest" time="0.531"/>
  <testcase name="delKeyVersion[367]" classname="com.test.Client.ClientStressTest" time="0.278"/>
  <testcase name="delKeyVersion[368]" classname="com.test.Client.ClientStressTest" time="0.333"/>
  <testcase name="delKeyVersion[369]" classname="com.test.Client.ClientStressTest" time="0.357"/>
  <testcase name="delKeyVersion[370]" classname="com.test.Client.ClientStressTest" time="0.123"/>
  <testcase name="delKeyVersion[371]" classname="com.test.Client.ClientStressTest" time="0.287"/>
  <testcase name="delKeyVersion[372]" classname="com.test.Client.ClientStressTest" time="0.298"/>
  <testcase name="delKeyVersion[373]" classname="com.test.Client.ClientStressTest" time="0.203"/>
  <testcase name="delKeyVersion[374]" classname="com.test.Client.ClientStressTest" time="0.122"/>
  <testcase name="delKeyVersion[375]" classname="com.test.Client.ClientStressTest" time="0.121"/>
  <testcase name="delKeyVersion[376]" classname="com.test.Client.ClientStressTest" time="0.146"/>
  <testcase name="delKeyVersion[377]" classname="com.test.Client.ClientStressTest" time="0.121"/>
  <testcase name="delKeyVersion[378]" classname="com.test.Client.ClientStressTest" time="0.121"/>
  <testcase name="delKeyVersion[379]" classname="com.test.Client.ClientStressTest" time="0.244"/>
  <testcase name="delKeyVersion[380]" classname="com.test.Client.ClientStressTest" time="0.293"/>
  <testcase name="delKeyVersion[381]" classname="com.test.Client.ClientStressTest" time="0.142"/>
  <testcase name="delKeyVersion[382]" classname="com.test.Client.ClientStressTest" time="0.118"/>
  <testcase name="delKeyVersion[383]" classname="com.test.Client.ClientStressTest" time="0.14"/>
  <testcase name="delKeyVersion[384]" classname="com.test.Client.ClientStressTest" time="0.273"/>
  <testcase name="delKeyVersion[385]" classname="com.test.Client.ClientStressTest" time="0.287"/>
  <testcase name="delKeyVersion[386]" classname="com.test.Client.ClientStressTest" time="0.124"/>
  <testcase name="delKeyVersion[387]" classname="com.test.Client.ClientStressTest" time="0.288"/>
  <testcase name="delKeyVersion[388]" classname="com.test.Client.ClientStressTest" time="0.287"/>
  <testcase name="delKeyVersion[389]" classname="com.test.Client.ClientStressTest" time="0.388"/>
  <testcase name="delKeyVersion[390]" classname="com.test.Client.ClientStressTest" time="0.288"/>
  <testcase name="delKeyVersion[391]" classname="com.test.Client.ClientStressTest" time="0.223"/>
  <testcase name="delKeyVersion[392]" classname="com.test.Client.ClientStressTest" time="0.278"/>
  <testcase name="delKeyVersion[393]" classname="com.test.Client.ClientStressTest" time="0.133"/>
  <testcase name="delKeyVersion[394]" classname="com.test.Client.ClientStressTest" time="0.263"/>
  <testcase name="delKeyVersion[395]" classname="com.test.Client.ClientStressTest" time="0.311"/>
  <testcase name="delKeyVersion[396]" classname="com.test.Client.ClientStressTest" time="0.288"/>
  <testcase name="delKeyVersion[397]" classname="com.test.Client.ClientStressTest" time="0.263"/>
  <testcase name="delKeyVersion[398]" classname="com.test.Client.ClientStressTest" time="0.135"/>
  <testcase name="delKeyVersion[399]" classname="com.test.Client.ClientStressTest" time="0.235"/>
  <testcase name="delKeyVersion[400]" classname="com.test.Client.ClientStressTest" time="0.132"/>
  <testcase name="delKeyVersion[401]" classname="com.test.Client.ClientStressTest" time="0.165"/>
  <testcase name="delKeyVersion[402]" classname="com.test.Client.ClientStressTest" time="0.155"/>
  <testcase name="delKeyVersion[403]" classname="com.test.Client.ClientStressTest" time="0.22"/>
  <testcase name="delKeyVersion[404]" classname="com.test.Client.ClientStressTest" time="0.132"/>
  <testcase name="delKeyVersion[405]" classname="com.test.Client.ClientStressTest" time="0.137"/>
  <testcase name="delKeyVersion[406]" classname="com.test.Client.ClientStressTest" time="0.162"/>
  <testcase name="delKeyVersion[407]" classname="com.test.Client.ClientStressTest" time="0.122"/>
  <testcase name="delKeyVersion[408]" classname="com.test.Client.ClientStressTest" time="0.164"/>
  <testcase name="delKeyVersion[409]" classname="com.test.Client.ClientStressTest" time="0.136"/>
  <testcase name="delKeyVersion[410]" classname="com.test.Client.ClientStressTest" time="0.133"/>
  <testcase name="delKeyVersion[411]" classname="com.test.Client.ClientStressTest" time="0.143"/>
  <testcase name="delKeyVersion[412]" classname="com.test.Client.ClientStressTest" time="0.118"/>
  <testcase name="delKeyVersion[413]" classname="com.test.Client.ClientStressTest" time="0.121"/>
  <testcase name="delKeyVersion[414]" classname="com.test.Client.ClientStressTest" time="0.123"/>
  <testcase name="delKeyVersion[415]" classname="com.test.Client.ClientStressTest" time="0.156"/>
  <testcase name="delKeyVersion[416]" classname="com.test.Client.ClientStressTest" time="0.12"/>
  <testcase name="delKeyVersion[417]" classname="com.test.Client.ClientStressTest" time="0.133"/>
  <testcase name="delKeyVersion[418]" classname="com.test.Client.ClientStressTest" time="0.123"/>
  <testcase name="delKeyVersion[419]" classname="com.test.Client.ClientStressTest" time="0.109"/>
  <testcase name="delKeyVersion[420]" classname="com.test.Client.ClientStressTest" time="0.256"/>
  <testcase name="delKeyVersion[421]" classname="com.test.Client.ClientStressTest" time="0.253"/>
  <testcase name="delKeyVersion[422]" classname="com.test.Client.ClientStressTest" time="0.256"/>
  <testcase name="delKeyVersion[423]" classname="com.test.Client.ClientStressTest" time="0.209"/>
  <testcase name="delKeyVersion[424]" classname="com.test.Client.ClientStressTest" time="0.133"/>
  <testcase name="delKeyVersion[425]" classname="com.test.Client.ClientStressTest" time="0.134"/>
  <testcase name="delKeyVersion[426]" classname="com.test.Client.ClientStressTest" time="0.122"/>
  <testcase name="delKeyVersion[427]" classname="com.test.Client.ClientStressTest" time="0.121"/>
  <testcase name="delKeyVersion[428]" classname="com.test.Client.ClientStressTest" time="0.12"/>
  <testcase name="delKeyVersion[429]" classname="com.test.Client.ClientStressTest" time="0.134"/>
  <testcase name="delKeyVersion[430]" classname="com.test.Client.ClientStressTest" time="0.121"/>
  <testcase name="delKeyVersion[431]" classname="com.test.Client.ClientStressTest" time="0.267"/>
  <testcase name="delKeyVersion[432]" classname="com.test.Client.ClientStressTest" time="0.12"/>
  <testcase name="delKeyVersion[433]" classname="com.test.Client.ClientStressTest" time="0.122"/>
  <testcase name="delKeyVersion[434]" classname="com.test.Client.ClientStressTest" time="0.242"/>
  <testcase name="delKeyVersion[435]" classname="com.test.Client.ClientStressTest" time="0.358"/>
  <testcase name="delKeyVersion[436]" classname="com.test.Client.ClientStressTest" time="0.409"/>
  <testcase name="delKeyVersion[437]" classname="com.test.Client.ClientStressTest" time="0.158"/>
  <testcase name="delKeyVersion[438]" classname="com.test.Client.ClientStressTest" time="0.122"/>
  <testcase name="delKeyVersion[439]" classname="com.test.Client.ClientStressTest" time="0.121"/>
  <testcase name="delKeyVersion[440]" classname="com.test.Client.ClientStressTest" time="0.138"/>
  <testcase name="delKeyVersion[441]" classname="com.test.Client.ClientStressTest" time="0.141"/>
  <testcase name="delKeyVersion[442]" classname="com.test.Client.ClientStressTest" time="0.28"/>
  <testcase name="delKeyVersion[443]" classname="com.test.Client.ClientStressTest" time="0.116"/>
  <testcase name="delKeyVersion[444]" classname="com.test.Client.ClientStressTest" time="0.132"/>
  <testcase name="delKeyVersion[445]" classname="com.test.Client.ClientStressTest" time="0.122"/>
  <testcase name="delKeyVersion[446]" classname="com.test.Client.ClientStressTest" time="0.144"/>
  <testcase name="delKeyVersion[447]" classname="com.test.Client.ClientStressTest" time="0.129"/>
  <testcase name="delKeyVersion[448]" classname="com.test.Client.ClientStressTest" time="0.344"/>
  <testcase name="delKeyVersion[449]" classname="com.test.Client.ClientStressTest" time="0.635"/>
  <testcase name="delKeyVersion[450]" classname="com.test.Client.ClientStressTest" time="0.45"/>
  <testcase name="delKeyVersion[451]" classname="com.test.Client.ClientStressTest" time="0.963"/>
  <testcase name="delKeyVersion[452]" classname="com.test.Client.ClientStressTest" time="0.704"/>
  <testcase name="delKeyVersion[453]" classname="com.test.Client.ClientStressTest" time="1.266"/>
  <testcase name="delKeyVersion[454]" classname="com.test.Client.ClientStressTest" time="1.412"/>
  <testcase name="delKeyVersion[455]" classname="com.test.Client.ClientStressTest" time="0.565"/>
  <testcase name="delKeyVersion[456]" classname="com.test.Client.ClientStressTest" time="0.354"/>
  <testcase name="delKeyVersion[457]" classname="com.test.Client.ClientStressTest" time="0.288"/>
  <testcase name="delKeyVersion[458]" classname="com.test.Client.ClientStressTest" time="0.302"/>
  <testcase name="delKeyVersion[459]" classname="com.test.Client.ClientStressTest" time="0.287"/>
  <testcase name="delKeyVersion[460]" classname="com.test.Client.ClientStressTest" time="0.419"/>
  <testcase name="delKeyVersion[461]" classname="com.test.Client.ClientStressTest" time="0.634"/>
  <testcase name="delKeyVersion[462]" classname="com.test.Client.ClientStressTest" time="0.52"/>
  <testcase name="delKeyVersion[463]" classname="com.test.Client.ClientStressTest" time="0.602"/>
  <testcase name="delKeyVersion[464]" classname="com.test.Client.ClientStressTest" time="0.794"/>
  <testcase name="delKeyVersion[465]" classname="com.test.Client.ClientStressTest" time="0.596"/>
  <testcase name="delKeyVersion[466]" classname="com.test.Client.ClientStressTest" time="0.401"/>
  <testcase name="delKeyVersion[467]" classname="com.test.Client.ClientStressTest" time="0.271"/>
  <testcase name="delKeyVersion[468]" classname="com.test.Client.ClientStressTest" time="0.323"/>
  <testcase name="delKeyVersion[469]" classname="com.test.Client.ClientStressTest" time="0.29"/>
  <testcase name="delKeyVersion[470]" classname="com.test.Client.ClientStressTest" time="0.321"/>
  <testcase name="delKeyVersion[471]" classname="com.test.Client.ClientStressTest" time="0.267"/>
  <testcase name="delKeyVersion[472]" classname="com.test.Client.ClientStressTest" time="0.257"/>
  <testcase name="delKeyVersion[473]" classname="com.test.Client.ClientStressTest" time="0.13"/>
  <testcase name="delKeyVersion[474]" classname="com.test.Client.ClientStressTest" time="0.151"/>
  <testcase name="delKeyVersion[475]" classname="com.test.Client.ClientStressTest" time="0.111"/>
  <testcase name="delKeyVersion[476]" classname="com.test.Client.ClientStressTest" time="0.122"/>
  <testcase name="delKeyVersion[477]" classname="com.test.Client.ClientStressTest" time="0.13"/>
  <testcase name="delKeyVersion[478]" classname="com.test.Client.ClientStressTest" time="0.121"/>
  <testcase name="delKeyVersion[479]" classname="com.test.Client.ClientStressTest" time="0.132"/>
  <testcase name="delKeyVersion[480]" classname="com.test.Client.ClientStressTest" time="0.124"/>
  <testcase name="delKeyVersion[481]" classname="com.test.Client.ClientStressTest" time="0.123"/>
  <testcase name="delKeyVersion[482]" classname="com.test.Client.ClientStressTest" time="0.13"/>
  <testcase name="delKeyVersion[483]" classname="com.test.Client.ClientStressTest" time="0.144"/>
  <testcase name="delKeyVersion[484]" classname="com.test.Client.ClientStressTest" time="0.121"/>
  <testcase name="delKeyVersion[485]" classname="com.test.Client.ClientStressTest" time="0.134"/>
  <testcase name="delKeyVersion[486]" classname="com.test.Client.ClientStressTest" time="0.12"/>
  <testcase name="delKeyVersion[487]" classname="com.test.Client.ClientStressTest" time="0.134"/>
  <testcase name="delKeyVersion[488]" classname="com.test.Client.ClientStressTest" time="0.121"/>
  <testcase name="delKeyVersion[489]" classname="com.test.Client.ClientStressTest" time="0.222"/>
  <testcase name="delKeyVersion[490]" classname="com.test.Client.ClientStressTest" time="0.131"/>
  <testcase name="delKeyVersion[491]" classname="com.test.Client.ClientStressTest" time="0.123"/>
  <testcase name="delKeyVersion[492]" classname="com.test.Client.ClientStressTest" time="0.202"/>
  <testcase name="delKeyVersion[493]" classname="com.test.Client.ClientStressTest" time="0.196"/>
  <testcase name="delKeyVersion[494]" classname="com.test.Client.ClientStressTest" time="0.201"/>
  <testcase name="delKeyVersion[495]" classname="com.test.Client.ClientStressTest" time="0.129"/>
  <testcase name="delKeyVersion[496]" classname="com.test.Client.ClientStressTest" time="0.202"/>
  <testcase name="delKeyVersion[497]" classname="com.test.Client.ClientStressTest" time="0.701"/>
  <testcase name="delKeyVersion[498]" classname="com.test.Client.ClientStressTest" time="0.158"/>
  <testcase name="delKeyVersion[499]" classname="com.test.Client.ClientStressTest" time="0.128"/>
  <testcase name="delKeyVersion[500]" classname="com.test.Client.ClientStressTest" time="0.143"/>
  <testcase name="delKeyVersion[501]" classname="com.test.Client.ClientStressTest" time="0.133"/>
  <testcase name="delKeyVersion[502]" classname="com.test.Client.ClientStressTest" time="0.123"/>
  <testcase name="delKeyVersion[503]" classname="com.test.Client.ClientStressTest" time="0.152"/>
  <testcase name="delKeyVersion[504]" classname="com.test.Client.ClientStressTest" time="0.344"/>
  <testcase name="delKeyVersion[505]" classname="com.test.Client.ClientStressTest" time="0.131"/>
  <testcase name="delKeyVersion[506]" classname="com.test.Client.ClientStressTest" time="0.122"/>
  <testcase name="delKeyVersion[507]" classname="com.test.Client.ClientStressTest" time="0.121"/>
  <testcase name="delKeyVersion[508]" classname="com.test.Client.ClientStressTest" time="0.121"/>
  <testcase name="delKeyVersion[509]" classname="com.test.Client.ClientStressTest" time="0.132"/>
  <testcase name="delKeyVersion[510]" classname="com.test.Client.ClientStressTest" time="0.133"/>
  <testcase name="delKeyVersion[511]" classname="com.test.Client.ClientStressTest" time="0.126"/>
  <testcase name="delKeyVersion[512]" classname="com.test.Client.ClientStressTest" time="0.281"/>
  <testcase name="delKeyVersion[513]" classname="com.test.Client.ClientStressTest" time="0.185"/>
  <testcase name="delKeyVersion[514]" classname="com.test.Client.ClientStressTest" time="0.2"/>
  <testcase name="delKeyVersion[515]" classname="com.test.Client.ClientStressTest" time="0.138"/>
  <testcase name="delKeyVersion[516]" classname="com.test.Client.ClientStressTest" time="0.285"/>
  <testcase name="delKeyVersion[517]" classname="com.test.Client.ClientStressTest" time="0.361"/>
  <testcase name="delKeyVersion[518]" classname="com.test.Client.ClientStressTest" time="0.705"/>
  <testcase name="delKeyVersion[519]" classname="com.test.Client.ClientStressTest" time="0.988"/>
  <testcase name="delKeyVersion[520]" classname="com.test.Client.ClientStressTest" time="0.615"/>
  <testcase name="delKeyVersion[521]" classname="com.test.Client.ClientStressTest" time="0.395"/>
  <testcase name="delKeyVersion[522]" classname="com.test.Client.ClientStressTest" time="0.245"/>
  <testcase name="delKeyVersion[523]" classname="com.test.Client.ClientStressTest" time="0.109"/>
  <testcase name="delKeyVersion[524]" classname="com.test.Client.ClientStressTest" time="0.325"/>
  <testcase name="delKeyVersion[525]" classname="com.test.Client.ClientStressTest" time="0.341"/>
  <testcase name="delKeyVersion[526]" classname="com.test.Client.ClientStressTest" time="0.305"/>
  <testcase name="delKeyVersion[527]" classname="com.test.Client.ClientStressTest" time="0.34"/>
  <testcase name="delKeyVersion[528]" classname="com.test.Client.ClientStressTest" time="0.32"/>
  <testcase name="delKeyVersion[529]" classname="com.test.Client.ClientStressTest" time="0.128"/>
  <testcase name="delKeyVersion[530]" classname="com.test.Client.ClientStressTest" time="0.282"/>
  <testcase name="delKeyVersion[531]" classname="com.test.Client.ClientStressTest" time="0.28"/>
  <testcase name="delKeyVersion[532]" classname="com.test.Client.ClientStressTest" time="0.119"/>
  <testcase name="delKeyVersion[533]" classname="com.test.Client.ClientStressTest" time="0.316"/>
  <testcase name="delKeyVersion[534]" classname="com.test.Client.ClientStressTest" time="0.263"/>
  <testcase name="delKeyVersion[535]" classname="com.test.Client.ClientStressTest" time="0.133"/>
  <testcase name="delKeyVersion[536]" classname="com.test.Client.ClientStressTest" time="0.293"/>
  <testcase name="delKeyVersion[537]" classname="com.test.Client.ClientStressTest" time="0.344"/>
  <testcase name="delKeyVersion[538]" classname="com.test.Client.ClientStressTest" time="0.276"/>
  <testcase name="delKeyVersion[539]" classname="com.test.Client.ClientStressTest" time="0.11"/>
  <testcase name="delKeyVersion[540]" classname="com.test.Client.ClientStressTest" time="0.275"/>
  <testcase name="delKeyVersion[541]" classname="com.test.Client.ClientStressTest" time="0.289"/>
  <testcase name="delKeyVersion[542]" classname="com.test.Client.ClientStressTest" time="0.339"/>
  <testcase name="delKeyVersion[543]" classname="com.test.Client.ClientStressTest" time="0.327"/>
  <testcase name="delKeyVersion[544]" classname="com.test.Client.ClientStressTest" time="0.655"/>
  <testcase name="delKeyVersion[545]" classname="com.test.Client.ClientStressTest" time="0.6"/>
  <testcase name="delKeyVersion[546]" classname="com.test.Client.ClientStressTest" time="0.523"/>
  <testcase name="delKeyVersion[547]" classname="com.test.Client.ClientStressTest" time="0.646"/>
  <testcase name="delKeyVersion[548]" classname="com.test.Client.ClientStressTest" time="0.511"/>
  <testcase name="delKeyVersion[549]" classname="com.test.Client.ClientStressTest" time="0.465"/>
  <testcase name="delKeyVersion[550]" classname="com.test.Client.ClientStressTest" time="0.702"/>
  <testcase name="delKeyVersion[551]" classname="com.test.Client.ClientStressTest" time="0.555"/>
  <testcase name="delKeyVersion[552]" classname="com.test.Client.ClientStressTest" time="0.11"/>
  <testcase name="delKeyVersion[553]" classname="com.test.Client.ClientStressTest" time="0.273"/>
  <testcase name="delKeyVersion[554]" classname="com.test.Client.ClientStressTest" time="0.328"/>
  <testcase name="delKeyVersion[555]" classname="com.test.Client.ClientStressTest" time="0.303"/>
  <testcase name="delKeyVersion[556]" classname="com.test.Client.ClientStressTest" time="0.311"/>
  <testcase name="delKeyVersion[557]" classname="com.test.Client.ClientStressTest" time="0.298"/>
  <testcase name="delKeyVersion[558]" classname="com.test.Client.ClientStressTest" time="0.3"/>
  <testcase name="delKeyVersion[559]" classname="com.test.Client.ClientStressTest" time="0.264"/>
  <testcase name="delKeyVersion[560]" classname="com.test.Client.ClientStressTest" time="0.201"/>
  <testcase name="delKeyVersion[561]" classname="com.test.Client.ClientStressTest" time="0.187"/>
  <testcase name="delKeyVersion[562]" classname="com.test.Client.ClientStressTest" time="0.121"/>
  <testcase name="delKeyVersion[563]" classname="com.test.Client.ClientStressTest" time="0.12"/>
  <testcase name="delKeyVersion[564]" classname="com.test.Client.ClientStressTest" time="0.138"/>
  <testcase name="delKeyVersion[565]" classname="com.test.Client.ClientStressTest" time="0.119"/>
  <testcase name="delKeyVersion[566]" classname="com.test.Client.ClientStressTest" time="0.122"/>
  <testcase name="delKeyVersion[567]" classname="com.test.Client.ClientStressTest" time="0.822"/>
  <testcase name="delKeyVersion[568]" classname="com.test.Client.ClientStressTest" time="0.2"/>
  <testcase name="delKeyVersion[569]" classname="com.test.Client.ClientStressTest" time="0.123"/>
  <testcase name="delKeyVersion[570]" classname="com.test.Client.ClientStressTest" time="0.148"/>
  <testcase name="delKeyVersion[571]" classname="com.test.Client.ClientStressTest" time="0.16"/>
  <testcase name="delKeyVersion[572]" classname="com.test.Client.ClientStressTest" time="0.285"/>
  <testcase name="delKeyVersion[573]" classname="com.test.Client.ClientStressTest" time="0.129"/>
  <testcase name="delKeyVersion[574]" classname="com.test.Client.ClientStressTest" time="0.151"/>
  <testcase name="delKeyVersion[575]" classname="com.test.Client.ClientStressTest" time="0.119"/>
  <testcase name="delKeyVersion[576]" classname="com.test.Client.ClientStressTest" time="0.134"/>
  <testcase name="delKeyVersion[577]" classname="com.test.Client.ClientStressTest" time="0.142"/>
  <testcase name="delKeyVersion[578]" classname="com.test.Client.ClientStressTest" time="0.121"/>
  <testcase name="delKeyVersion[579]" classname="com.test.Client.ClientStressTest" time="0.277"/>
  <testcase name="delKeyVersion[580]" classname="com.test.Client.ClientStressTest" time="0.121"/>
  <testcase name="delKeyVersion[581]" classname="com.test.Client.ClientStressTest" time="0.124"/>
  <testcase name="delKeyVersion[582]" classname="com.test.Client.ClientStressTest" time="0.141"/>
  <testcase name="delKeyVersion[583]" classname="com.test.Client.ClientStressTest" time="0.128"/>
  <testcase name="delKeyVersion[584]" classname="com.test.Client.ClientStressTest" time="0.149"/>
  <testcase name="delKeyVersion[585]" classname="com.test.Client.ClientStressTest" time="0.266"/>
  <testcase name="delKeyVersion[586]" classname="com.test.Client.ClientStressTest" time="0.144"/>
  <testcase name="delKeyVersion[587]" classname="com.test.Client.ClientStressTest" time="0.276"/>
  <testcase name="delKeyVersion[588]" classname="com.test.Client.ClientStressTest" time="0.292"/>
  <testcase name="delKeyVersion[589]" classname="com.test.Client.ClientStressTest" time="0.131"/>
  <testcase name="delKeyVersion[590]" classname="com.test.Client.ClientStressTest" time="0.289"/>
  <testcase name="delKeyVersion[591]" classname="com.test.Client.ClientStressTest" time="0.277"/>
  <testcase name="delKeyVersion[592]" classname="com.test.Client.ClientStressTest" time="0.288"/>
  <testcase name="delKeyVersion[593]" classname="com.test.Client.ClientStressTest" time="0.345"/>
  <testcase name="delKeyVersion[594]" classname="com.test.Client.ClientStressTest" time="0.287"/>
  <testcase name="delKeyVersion[595]" classname="com.test.Client.ClientStressTest" time="0.291"/>
  <testcase name="delKeyVersion[596]" classname="com.test.Client.ClientStressTest" time="0.325"/>
  <testcase name="delKeyVersion[597]" classname="com.test.Client.ClientStressTest" time="0.195"/>
  <testcase name="delKeyVersion[598]" classname="com.test.Client.ClientStressTest" time="0.122"/>
  <testcase name="delKeyVersion[599]" classname="com.test.Client.ClientStressTest" time="0.131"/>
  <testcase name="delKeyVersion[600]" classname="com.test.Client.ClientStressTest" time="0.123"/>
  <testcase name="delKeyVersion[601]" classname="com.test.Client.ClientStressTest" time="0.123"/>
  <testcase name="delKeyVersion[602]" classname="com.test.Client.ClientStressTest" time="0.119"/>
  <testcase name="delKeyVersion[603]" classname="com.test.Client.ClientStressTest" time="0.12"/>
  <testcase name="delKeyVersion[604]" classname="com.test.Client.ClientStressTest" time="0.133"/>
  <testcase name="delKeyVersion[605]" classname="com.test.Client.ClientStressTest" time="0.163"/>
  <testcase name="delKeyVersion[606]" classname="com.test.Client.ClientStressTest" time="0.193"/>
  <testcase name="delKeyVersion[607]" classname="com.test.Client.ClientStressTest" time="0.185"/>
  <testcase name="delKeyVersion[608]" classname="com.test.Client.ClientStressTest" time="0.122"/>
  <testcase name="delKeyVersion[609]" classname="com.test.Client.ClientStressTest" time="0.12"/>
  <testcase name="delKeyVersion[610]" classname="com.test.Client.ClientStressTest" time="0.124"/>
  <testcase name="delKeyVersion[611]" classname="com.test.Client.ClientStressTest" time="0.119"/>
  <testcase name="delKeyVersion[612]" classname="com.test.Client.ClientStressTest" time="0.112"/>
  <testcase name="delKeyVersion[613]" classname="com.test.Client.ClientStressTest" time="0.118"/>
  <testcase name="delKeyVersion[614]" classname="com.test.Client.ClientStressTest" time="0.278"/>
  <testcase name="delKeyVersion[615]" classname="com.test.Client.ClientStressTest" time="0.121"/>
  <testcase name="delKeyVersion[616]" classname="com.test.Client.ClientStressTest" time="0.127"/>
  <testcase name="delKeyVersion[617]" classname="com.test.Client.ClientStressTest" time="0.141"/>
  <testcase name="delKeyVersion[618]" classname="com.test.Client.ClientStressTest" time="0.161"/>
  <testcase name="delKeyVersion[619]" classname="com.test.Client.ClientStressTest" time="0.138"/>
  <testcase name="delKeyVersion[620]" classname="com.test.Client.ClientStressTest" time="0.123"/>
  <testcase name="delKeyVersion[621]" classname="com.test.Client.ClientStressTest" time="0.284"/>
  <testcase name="delKeyVersion[622]" classname="com.test.Client.ClientStressTest" time="0.165"/>
  <testcase name="delKeyVersion[623]" classname="com.test.Client.ClientStressTest" time="0.133"/>
  <testcase name="delKeyVersion[624]" classname="com.test.Client.ClientStressTest" time="0.119"/>
  <testcase name="delKeyVersion[625]" classname="com.test.Client.ClientStressTest" time="0.124"/>
  <testcase name="delKeyVersion[626]" classname="com.test.Client.ClientStressTest" time="0.253"/>
  <testcase name="delKeyVersion[627]" classname="com.test.Client.ClientStressTest" time="0.133"/>
  <testcase name="delKeyVersion[628]" classname="com.test.Client.ClientStressTest" time="0.299"/>
  <testcase name="delKeyVersion[629]" classname="com.test.Client.ClientStressTest" time="0.287"/>
  <testcase name="delKeyVersion[630]" classname="com.test.Client.ClientStressTest" time="0.301"/>
  <testcase name="delKeyVersion[631]" classname="com.test.Client.ClientStressTest" time="0.132"/>
  <testcase name="delKeyVersion[632]" classname="com.test.Client.ClientStressTest" time="0.301"/>
  <testcase name="delKeyVersion[633]" classname="com.test.Client.ClientStressTest" time="0.324"/>
  <testcase name="delKeyVersion[634]" classname="com.test.Client.ClientStressTest" time="0.264"/>
  <testcase name="delKeyVersion[635]" classname="com.test.Client.ClientStressTest" time="0.266"/>
  <testcase name="delKeyVersion[636]" classname="com.test.Client.ClientStressTest" time="0.118"/>
  <testcase name="delKeyVersion[637]" classname="com.test.Client.ClientStressTest" time="0.348"/>
  <testcase name="delKeyVersion[638]" classname="com.test.Client.ClientStressTest" time="0.888"/>
  <testcase name="delKeyVersion[639]" classname="com.test.Client.ClientStressTest" time="0.219"/>
  <testcase name="delKeyVersion[640]" classname="com.test.Client.ClientStressTest" time="0.323"/>
  <testcase name="delKeyVersion[641]" classname="com.test.Client.ClientStressTest" time="0.285"/>
  <testcase name="delKeyVersion[642]" classname="com.test.Client.ClientStressTest" time="0.301"/>
  <testcase name="delKeyVersion[643]" classname="com.test.Client.ClientStressTest" time="0.121"/>
  <testcase name="delKeyVersion[644]" classname="com.test.Client.ClientStressTest" time="0.496"/>
  <testcase name="delKeyVersion[645]" classname="com.test.Client.ClientStressTest" time="0.266"/>
  <testcase name="delKeyVersion[646]" classname="com.test.Client.ClientStressTest" time="0.303"/>
  <testcase name="delKeyVersion[647]" classname="com.test.Client.ClientStressTest" time="0.308"/>
  <testcase name="delKeyVersion[648]" classname="com.test.Client.ClientStressTest" time="0.287"/>
  <testcase name="delKeyVersion[649]" classname="com.test.Client.ClientStressTest" time="0.494"/>
  <testcase name="delKeyVersion[650]" classname="com.test.Client.ClientStressTest" time="0.286"/>
  <testcase name="delKeyVersion[651]" classname="com.test.Client.ClientStressTest" time="0.264"/>
  <testcase name="delKeyVersion[652]" classname="com.test.Client.ClientStressTest" time="0.214"/>
  <testcase name="delKeyVersion[653]" classname="com.test.Client.ClientStressTest" time="0.298"/>
  <testcase name="delKeyVersion[654]" classname="com.test.Client.ClientStressTest" time="0.122"/>
  <testcase name="delKeyVersion[655]" classname="com.test.Client.ClientStressTest" time="0.298"/>
  <testcase name="delKeyVersion[656]" classname="com.test.Client.ClientStressTest" time="0.309"/>
  <testcase name="delKeyVersion[657]" classname="com.test.Client.ClientStressTest" time="0.272"/>
  <testcase name="delKeyVersion[658]" classname="com.test.Client.ClientStressTest" time="0.332"/>
  <testcase name="delKeyVersion[659]" classname="com.test.Client.ClientStressTest" time="0.133"/>
  <testcase name="delKeyVersion[660]" classname="com.test.Client.ClientStressTest" time="0.299"/>
  <testcase name="delKeyVersion[661]" classname="com.test.Client.ClientStressTest" time="0.292"/>
  <testcase name="delKeyVersion[662]" classname="com.test.Client.ClientStressTest" time="0.307"/>
  <testcase name="delKeyVersion[663]" classname="com.test.Client.ClientStressTest" time="0.291"/>
  <testcase name="delKeyVersion[664]" classname="com.test.Client.ClientStressTest" time="0.287"/>
  <testcase name="delKeyVersion[665]" classname="com.test.Client.ClientStressTest" time="0.265"/>
  <testcase name="delKeyVersion[666]" classname="com.test.Client.ClientStressTest" time="0.322"/>
  <testcase name="delKeyVersion[667]" classname="com.test.Client.ClientStressTest" time="0.292"/>
  <testcase name="delKeyVersion[668]" classname="com.test.Client.ClientStressTest" time="0.193"/>
  <testcase name="delKeyVersion[669]" classname="com.test.Client.ClientStressTest" time="0.124"/>
  <testcase name="delKeyVersion[670]" classname="com.test.Client.ClientStressTest" time="0.122"/>
  <testcase name="delKeyVersion[671]" classname="com.test.Client.ClientStressTest" time="0.11"/>
  <testcase name="delKeyVersion[672]" classname="com.test.Client.ClientStressTest" time="0.167"/>
  <testcase name="delKeyVersion[673]" classname="com.test.Client.ClientStressTest" time="0.134"/>
  <testcase name="delKeyVersion[674]" classname="com.test.Client.ClientStressTest" time="0.12"/>
  <testcase name="delKeyVersion[675]" classname="com.test.Client.ClientStressTest" time="0.11"/>
  <testcase name="delKeyVersion[676]" classname="com.test.Client.ClientStressTest" time="0.215"/>
  <testcase name="delKeyVersion[677]" classname="com.test.Client.ClientStressTest" time="0.103"/>
  <testcase name="delKeyVersion[678]" classname="com.test.Client.ClientStressTest" time="0.127"/>
  <testcase name="delKeyVersion[679]" classname="com.test.Client.ClientStressTest" time="0.132"/>
  <testcase name="delKeyVersion[680]" classname="com.test.Client.ClientStressTest" time="0.118"/>
  <testcase name="delKeyVersion[681]" classname="com.test.Client.ClientStressTest" time="0.152"/>
  <testcase name="delKeyVersion[682]" classname="com.test.Client.ClientStressTest" time="0.13"/>
  <testcase name="delKeyVersion[683]" classname="com.test.Client.ClientStressTest" time="0.13"/>
  <testcase name="delKeyVersion[684]" classname="com.test.Client.ClientStressTest" time="0.274"/>
  <testcase name="delKeyVersion[685]" classname="com.test.Client.ClientStressTest" time="0.161"/>
  <testcase name="delKeyVersion[686]" classname="com.test.Client.ClientStressTest" time="0.13"/>
  <testcase name="delKeyVersion[687]" classname="com.test.Client.ClientStressTest" time="0.108"/>
  <testcase name="delKeyVersion[688]" classname="com.test.Client.ClientStressTest" time="0.141"/>
  <testcase name="delKeyVersion[689]" classname="com.test.Client.ClientStressTest" time="0.118"/>
  <testcase name="delKeyVersion[690]" classname="com.test.Client.ClientStressTest" time="0.129"/>
  <testcase name="delKeyVersion[691]" classname="com.test.Client.ClientStressTest" time="0.107"/>
  <testcase name="delKeyVersion[692]" classname="com.test.Client.ClientStressTest" time="0.344"/>
  <testcase name="delKeyVersion[693]" classname="com.test.Client.ClientStressTest" time="0.386"/>
  <testcase name="delKeyVersion[694]" classname="com.test.Client.ClientStressTest" time="0.292"/>
  <testcase name="delKeyVersion[695]" classname="com.test.Client.ClientStressTest" time="0.284"/>
  <testcase name="delKeyVersion[696]" classname="com.test.Client.ClientStressTest" time="0.301"/>
  <testcase name="delKeyVersion[697]" classname="com.test.Client.ClientStressTest" time="0.286"/>
  <testcase name="delKeyVersion[698]" classname="com.test.Client.ClientStressTest" time="0.126"/>
  <testcase name="delKeyVersion[699]" classname="com.test.Client.ClientStressTest" time="0.274"/>
  <testcase name="delKeyVersion[700]" classname="com.test.Client.ClientStressTest" time="0.292"/>
  <testcase name="delKeyVersion[701]" classname="com.test.Client.ClientStressTest" time="0.274"/>
  <testcase name="delKeyVersion[702]" classname="com.test.Client.ClientStressTest" time="0.344"/>
  <testcase name="delKeyVersion[703]" classname="com.test.Client.ClientStressTest" time="0.499"/>
  <testcase name="delKeyVersion[704]" classname="com.test.Client.ClientStressTest" time="0.12"/>
  <testcase name="delKeyVersion[705]" classname="com.test.Client.ClientStressTest" time="0.199"/>
  <testcase name="delKeyVersion[706]" classname="com.test.Client.ClientStressTest" time="0.159"/>
  <testcase name="delKeyVersion[707]" classname="com.test.Client.ClientStressTest" time="0.119"/>
  <testcase name="delKeyVersion[708]" classname="com.test.Client.ClientStressTest" time="0.122"/>
  <testcase name="delKeyVersion[709]" classname="com.test.Client.ClientStressTest" time="0.144"/>
  <testcase name="delKeyVersion[710]" classname="com.test.Client.ClientStressTest" time="0.118"/>
  <testcase name="delKeyVersion[711]" classname="com.test.Client.ClientStressTest" time="0.111"/>
  <testcase name="delKeyVersion[712]" classname="com.test.Client.ClientStressTest" time="0.286"/>
  <testcase name="delKeyVersion[713]" classname="com.test.Client.ClientStressTest" time="0.122"/>
  <testcase name="delKeyVersion[714]" classname="com.test.Client.ClientStressTest" time="0.126"/>
  <testcase name="delKeyVersion[715]" classname="com.test.Client.ClientStressTest" time="0.119"/>
  <testcase name="delKeyVersion[716]" classname="com.test.Client.ClientStressTest" time="0.142"/>
  <testcase name="delKeyVersion[717]" classname="com.test.Client.ClientStressTest" time="0.122"/>
  <testcase name="delKeyVersion[718]" classname="com.test.Client.ClientStressTest" time="0.119"/>
  <testcase name="delKeyVersion[719]" classname="com.test.Client.ClientStressTest" time="0.135"/>
  <testcase name="delKeyVersion[720]" classname="com.test.Client.ClientStressTest" time="0.273"/>
  <testcase name="delKeyVersion[721]" classname="com.test.Client.ClientStressTest" time="0.124"/>
  <testcase name="delKeyVersion[722]" classname="com.test.Client.ClientStressTest" time="0.133"/>
  <testcase name="delKeyVersion[723]" classname="com.test.Client.ClientStressTest" time="0.123"/>
  <testcase name="delKeyVersion[724]" classname="com.test.Client.ClientStressTest" time="0.127"/>
  <testcase name="delKeyVersion[725]" classname="com.test.Client.ClientStressTest" time="0.121"/>
  <testcase name="delKeyVersion[726]" classname="com.test.Client.ClientStressTest" time="0.302"/>
  <testcase name="delKeyVersion[727]" classname="com.test.Client.ClientStressTest" time="0.292"/>
  <testcase name="delKeyVersion[728]" classname="com.test.Client.ClientStressTest" time="0.132"/>
  <testcase name="delKeyVersion[729]" classname="com.test.Client.ClientStressTest" time="0.298"/>
  <testcase name="delKeyVersion[730]" classname="com.test.Client.ClientStressTest" time="0.264"/>
  <testcase name="delKeyVersion[731]" classname="com.test.Client.ClientStressTest" time="0.273"/>
  <testcase name="delKeyVersion[732]" classname="com.test.Client.ClientStressTest" time="0.326"/>
  <testcase name="delKeyVersion[733]" classname="com.test.Client.ClientStressTest" time="0.118"/>
  <testcase name="delKeyVersion[734]" classname="com.test.Client.ClientStressTest" time="0.542"/>
  <testcase name="delKeyVersion[735]" classname="com.test.Client.ClientStressTest" time="0.305"/>
  <testcase name="delKeyVersion[736]" classname="com.test.Client.ClientStressTest" time="0.299"/>
  <testcase name="delKeyVersion[737]" classname="com.test.Client.ClientStressTest" time="0.275"/>
  <testcase name="delKeyVersion[738]" classname="com.test.Client.ClientStressTest" time="0.197"/>
  <testcase name="delKeyVersion[739]" classname="com.test.Client.ClientStressTest" time="0.498"/>
  <testcase name="delKeyVersion[740]" classname="com.test.Client.ClientStressTest" time="0.3"/>
  <testcase name="delKeyVersion[741]" classname="com.test.Client.ClientStressTest" time="0.264"/>
  <testcase name="delKeyVersion[742]" classname="com.test.Client.ClientStressTest" time="0.142"/>
  <testcase name="delKeyVersion[743]" classname="com.test.Client.ClientStressTest" time="0.273"/>
  <testcase name="delKeyVersion[744]" classname="com.test.Client.ClientStressTest" time="0.296"/>
  <testcase name="delKeyVersion[745]" classname="com.test.Client.ClientStressTest" time="0.133"/>
  <testcase name="delKeyVersion[746]" classname="com.test.Client.ClientStressTest" time="0.3"/>
  <testcase name="delKeyVersion[747]" classname="com.test.Client.ClientStressTest" time="0.29"/>
  <testcase name="delKeyVersion[748]" classname="com.test.Client.ClientStressTest" time="0.288"/>
  <testcase name="delKeyVersion[749]" classname="com.test.Client.ClientStressTest" time="0.3"/>
  <testcase name="delKeyVersion[750]" classname="com.test.Client.ClientStressTest" time="0.14"/>
  <testcase name="delKeyVersion[751]" classname="com.test.Client.ClientStressTest" time="0.3"/>
  <testcase name="delKeyVersion[752]" classname="com.test.Client.ClientStressTest" time="0.255"/>
  <testcase name="delKeyVersion[753]" classname="com.test.Client.ClientStressTest" time="0.298"/>
  <testcase name="delKeyVersion[754]" classname="com.test.Client.ClientStressTest" time="0.302"/>
  <testcase name="delKeyVersion[755]" classname="com.test.Client.ClientStressTest" time="0.106"/>
  <testcase name="delKeyVersion[756]" classname="com.test.Client.ClientStressTest" time="0.243"/>
  <testcase name="delKeyVersion[757]" classname="com.test.Client.ClientStressTest" time="0.282"/>
  <testcase name="delKeyVersion[758]" classname="com.test.Client.ClientStressTest" time="0.298"/>
  <testcase name="delKeyVersion[759]" classname="com.test.Client.ClientStressTest" time="0.12"/>
  <testcase name="delKeyVersion[760]" classname="com.test.Client.ClientStressTest" time="0.298"/>
  <testcase name="delKeyVersion[761]" classname="com.test.Client.ClientStressTest" time="0.289"/>
  <testcase name="delKeyVersion[762]" classname="com.test.Client.ClientStressTest" time="0.123"/>
  <testcase name="delKeyVersion[763]" classname="com.test.Client.ClientStressTest" time="0.306"/>
  <testcase name="delKeyVersion[764]" classname="com.test.Client.ClientStressTest" time="0.379"/>
  <testcase name="delKeyVersion[765]" classname="com.test.Client.ClientStressTest" time="0.3"/>
  <testcase name="delKeyVersion[766]" classname="com.test.Client.ClientStressTest" time="0.281"/>
  <testcase name="delKeyVersion[767]" classname="com.test.Client.ClientStressTest" time="0.274"/>
  <testcase name="delKeyVersion[768]" classname="com.test.Client.ClientStressTest" time="0.357"/>
  <testcase name="delKeyVersion[769]" classname="com.test.Client.ClientStressTest" time="0.607"/>
  <testcase name="delKeyVersion[770]" classname="com.test.Client.ClientStressTest" time="0.123"/>
  <testcase name="delKeyVersion[771]" classname="com.test.Client.ClientStressTest" time="0.307"/>
  <testcase name="delKeyVersion[772]" classname="com.test.Client.ClientStressTest" time="0.188"/>
  <testcase name="delKeyVersion[773]" classname="com.test.Client.ClientStressTest" time="0.33"/>
  <testcase name="delKeyVersion[774]" classname="com.test.Client.ClientStressTest" time="0.123"/>
  <testcase name="delKeyVersion[775]" classname="com.test.Client.ClientStressTest" time="0.321"/>
  <testcase name="delKeyVersion[776]" classname="com.test.Client.ClientStressTest" time="0.29"/>
  <testcase name="delKeyVersion[777]" classname="com.test.Client.ClientStressTest" time="0.289"/>
  <testcase name="delKeyVersion[778]" classname="com.test.Client.ClientStressTest" time="0.119"/>
  <testcase name="delKeyVersion[779]" classname="com.test.Client.ClientStressTest" time="0.266"/>
  <testcase name="delKeyVersion[780]" classname="com.test.Client.ClientStressTest" time="0.29"/>
  <testcase name="delKeyVersion[781]" classname="com.test.Client.ClientStressTest" time="0.121"/>
  <testcase name="delKeyVersion[782]" classname="com.test.Client.ClientStressTest" time="0.289"/>
  <testcase name="delKeyVersion[783]" classname="com.test.Client.ClientStressTest" time="0.123"/>
  <testcase name="delKeyVersion[784]" classname="com.test.Client.ClientStressTest" time="0.299"/>
  <testcase name="delKeyVersion[785]" classname="com.test.Client.ClientStressTest" time="0.272"/>
  <testcase name="delKeyVersion[786]" classname="com.test.Client.ClientStressTest" time="0.303"/>
  <testcase name="delKeyVersion[787]" classname="com.test.Client.ClientStressTest" time="0.156"/>
  <testcase name="delKeyVersion[788]" classname="com.test.Client.ClientStressTest" time="0.288"/>
  <testcase name="delKeyVersion[789]" classname="com.test.Client.ClientStressTest" time="0.314"/>
  <testcase name="delKeyVersion[790]" classname="com.test.Client.ClientStressTest" time="0.273"/>
  <testcase name="delKeyVersion[791]" classname="com.test.Client.ClientStressTest" time="0.112"/>
  <testcase name="delKeyVersion[792]" classname="com.test.Client.ClientStressTest" time="0.198"/>
  <testcase name="delKeyVersion[793]" classname="com.test.Client.ClientStressTest" time="0.116"/>
  <testcase name="delKeyVersion[794]" classname="com.test.Client.ClientStressTest" time="0.301"/>
  <testcase name="delKeyVersion[795]" classname="com.test.Client.ClientStressTest" time="0.272"/>
  <testcase name="delKeyVersion[796]" classname="com.test.Client.ClientStressTest" time="0.299"/>
  <testcase name="delKeyVersion[797]" classname="com.test.Client.ClientStressTest" time="0.302"/>
  <testcase name="delKeyVersion[798]" classname="com.test.Client.ClientStressTest" time="0.39"/>
  <testcase name="delKeyVersion[799]" classname="com.test.Client.ClientStressTest" time="0.27"/>
  <testcase name="delKeyVersion[800]" classname="com.test.Client.ClientStressTest" time="0.301"/>
  <testcase name="delKeyVersion[801]" classname="com.test.Client.ClientStressTest" time="0.291"/>
  <testcase name="delKeyVersion[802]" classname="com.test.Client.ClientStressTest" time="0.284"/>
  <testcase name="delKeyVersion[803]" classname="com.test.Client.ClientStressTest" time="0.291"/>
  <testcase name="delKeyVersion[804]" classname="com.test.Client.ClientStressTest" time="0.341"/>
  <testcase name="delKeyVersion[805]" classname="com.test.Client.ClientStressTest" time="0.3"/>
  <testcase name="delKeyVersion[806]" classname="com.test.Client.ClientStressTest" time="0.266"/>
  <testcase name="delKeyVersion[807]" classname="com.test.Client.ClientStressTest" time="0.231"/>
  <testcase name="delKeyVersion[808]" classname="com.test.Client.ClientStressTest" time="0.215"/>
  <testcase name="delKeyVersion[809]" classname="com.test.Client.ClientStressTest" time="0.115"/>
  <testcase name="delKeyVersion[810]" classname="com.test.Client.ClientStressTest" time="0.124"/>
  <testcase name="delKeyVersion[811]" classname="com.test.Client.ClientStressTest" time="0.123"/>
  <testcase name="delKeyVersion[812]" classname="com.test.Client.ClientStressTest" time="0.108"/>
  <testcase name="delKeyVersion[813]" classname="com.test.Client.ClientStressTest" time="0.13"/>
[...]
  <testcase name="testAndSet[791]" classname="com.test.Client.ClientStressTest" time="0.134"/>
  <testcase name="testAndSet[792]" classname="com.test.Client.ClientStressTest" time="0.119"/>
  <testcase name="testAndSet[793]" classname="com.test.Client.ClientStressTest" time="0.123"/>
  <testcase name="testAndSet[794]" classname="com.test.Client.ClientStressTest" time="0.166"/>
  <testcase name="testAndSet[795]" classname="com.test.Client.ClientStressTest" time="0.277"/>
  <testcase name="testAndSet[796]" classname="com.test.Client.ClientStressTest" time="0.122"/>
  <testcase name="testAndSet[797]" classname="com.test.Client.ClientStressTest" time="0.135"/>
  <testcase name="testAndSet[798]" classname="com.test.Client.ClientStressTest" time="0.133"/>
  <testcase name="testAndSet[799]" classname="com.test.Client.ClientStressTest" time="0.107"/>
  <testcase name="testAndSet[800]" classname="com.test.Client.ClientStressTest" time="0.123"/>
  <testcase name="testAndSet[801]" classname="com.test.Client.ClientStressTest" time="0.109"/>
  <testcase name="testAndSet[802]" classname="com.test.Client.ClientStressTest" time="0.125"/>
  <testcase name="testAndSet[803]" classname="com.test.Client.ClientStressTest" time="0.298"/>
  <testcase name="testAndSet[804]" classname="com.test.Client.ClientStressTest" time="0.121"/>
  <testcase name="testAndSet[805]" classname="com.test.Client.ClientStressTest" time="0.111"/>
  <testcase name="testAndSet[806]" classname="com.test.Client.ClientStressTest" time="0.121"/>
  <testcase name="testAndSet[807]" classname="com.test.Client.ClientStressTest" time="0.166"/>
  <testcase name="testAndSet[808]" classname="com.test.Client.ClientStressTest" time="0.134"/>
  <testcase name="testAndSet[809]" classname="com.test.Client.ClientStressTest" time="0.122"/>
  <testcase name="testAndSet[810]" classname="com.test.Client.ClientStressTest" time="0.134"/>
  <testcase name="testAndSet[811]" classname="com.test.Client.ClientStressTest" time="0.287"/>
  <testcase name="testAndSet[812]" classname="com.test.Client.ClientStressTest" time="0.221"/>
  <testcase name="testAndSet[813]" classname="com.test.Client.ClientStressTest" time="0.145"/>
  <testcase name="testAndSet[814]" classname="com.test.Client.ClientStressTest" time="0.126"/>
  <testcase name="testAndSet[815]" classname="com.test.Client.ClientStressTest" time="0.117"/>
  <testcase name="testAndSet[816]" classname="com.test.Client.ClientStressTest" time="0.135"/>
  <testcase name="testAndSet[817]" classname="com.test.Client.ClientStressTest" time="0.134"/>
  <testcase name="testAndSet[818]" classname="com.test.Client.ClientStressTest" time="0.291"/>
  <testcase name="testAndSet[819]" classname="com.test.Client.ClientStressTest" time="0.13"/>
  <testcase name="testAndSet[820]" classname="com.test.Client.ClientStressTest" time="0.133"/>
  <testcase name="testAndSet[821]" classname="com.test.Client.ClientStressTest" time="0.313"/>
  <testcase name="testAndSet[822]" classname="com.test.Client.ClientStressTest" time="0.408"/>
  <testcase name="testAndSet[823]" classname="com.test.Client.ClientStressTest" time="0.278"/>
  <testcase name="testAndSet[824]" classname="com.test.Client.ClientStressTest" time="0.278"/>
  <testcase name="testAndSet[825]" classname="com.test.Client.ClientStressTest" time="0.132"/>
  <testcase name="testAndSet[826]" classname="com.test.Client.ClientStressTest" time="0.199"/>
  <testcase name="testAndSet[827]" classname="com.test.Client.ClientStressTest" time="0.267"/>
  <testcase name="testAndSet[828]" classname="com.test.Client.ClientStressTest" time="0.287"/>
  <testcase name="testAndSet[829]" classname="com.test.Client.ClientStressTest" time="0.126"/>
  <testcase name="testAndSet[830]" classname="com.test.Client.ClientStressTest" time="0.287"/>
  <testcase name="testAndSet[831]" classname="com.test.Client.ClientStressTest" time="0.499"/>
  <testcase name="testAndSet[832]" classname="com.test.Client.ClientStressTest" time="0.13"/>
  <testcase name="testAndSet[833]" classname="com.test.Client.ClientStressTest" time="0.314"/>
  <testcase name="testAndSet[834]" classname="com.test.Client.ClientStressTest" time="0.264"/>
  <testcase name="testAndSet[835]" classname="com.test.Client.ClientStressTest" time="0.266"/>
  <testcase name="testAndSet[836]" classname="com.test.Client.ClientStressTest" time="0.289"/>
  <testcase name="testAndSet[837]" classname="com.test.Client.ClientStressTest" time="0.311"/>
  <testcase name="testAndSet[838]" classname="com.test.Client.ClientStressTest" time="0.422"/>
  <testcase name="testAndSet[839]" classname="com.test.Client.ClientStressTest" time="0.057"/>
  <testcase name="testAndSet[840]" classname="com.test.Client.ClientStressTest" time="0.286"/>
  <testcase name="testAndSet[841]" classname="com.test.Client.ClientStressTest" time="0.199"/>
  <testcase name="testAndSet[842]" classname="com.test.Client.ClientStressTest" time="0.636"/>
  <testcase name="testAndSet[843]" classname="com.test.Client.ClientStressTest" time="0.275"/>
  <testcase name="testAndSet[844]" classname="com.test.Client.ClientStressTest" time="0.278"/>
  <testcase name="testAndSet[845]" classname="com.test.Client.ClientStressTest" time="0.432"/>
  <testcase name="testAndSet[846]" classname="com.test.Client.ClientStressTest" time="0.542"/>
  <testcase name="testAndSet[847]" classname="com.test.Client.ClientStressTest" time="0.293"/>
  <testcase name="testAndSet[848]" classname="com.test.Client.ClientStressTest" time="0.434"/>
  <testcase name="testAndSet[849]" classname="com.test.Client.ClientStressTest" time="0.311"/>
  <testcase name="testAndSet[850]" classname="com.test.Client.ClientStressTest" time="0.288"/>
  <testcase name="testAndSet[851]" classname="com.test.Client.ClientStressTest" time="0.2"/>
  <testcase name="testAndSet[852]" classname="com.test.Client.ClientStressTest" time="0.28"/>
  <testcase name="testAndSet[853]" classname="com.test.Client.ClientStressTest" time="0.277"/>
  <testcase name="testAndSet[854]" classname="com.test.Client.ClientStressTest" time="0.288"/>
  <testcase name="testAndSet[855]" classname="com.test.Client.ClientStressTest" time="0.264"/>
  <testcase name="testAndSet[856]" classname="com.test.Client.ClientStressTest" time="0.369"/>
  <testcase name="testAndSet[857]" classname="com.test.Client.ClientStressTest" time="0.177"/>
  <testcase name="testAndSet[858]" classname="com.test.Client.ClientStressTest" time="0.12"/>
  <testcase name="testAndSet[859]" classname="com.test.Client.ClientStressTest" time="0.121"/>
  <testcase name="testAndSet[860]" classname="com.test.Client.ClientStressTest" time="0.134"/>
  <testcase name="testAndSet[861]" classname="com.test.Client.ClientStressTest" time="0.222"/>
  <testcase name="testAndSet[862]" classname="com.test.Client.ClientStressTest" time="0.523"/>
  <testcase name="testAndSet[863]" classname="com.test.Client.ClientStressTest" time="0.344"/>
  <testcase name="testAndSet[864]" classname="com.test.Client.ClientStressTest" time="0.467"/>
  <testcase name="testAndSet[865]" classname="com.test.Client.ClientStressTest" time="0.51"/>
  <testcase name="testAndSet[866]" classname="com.test.Client.ClientStressTest" time="0.376"/>
  <testcase name="testAndSet[867]" classname="com.test.Client.ClientStressTest" time="0.488"/>
  <testcase name="testAndSet[868]" classname="com.test.Client.ClientStressTest" time="0.944"/>
  <testcase name="testAndSet[869]" classname="com.test.Client.ClientStressTest" time="0.968"/>
  <testcase name="testAndSet[870]" classname="com.test.Client.ClientStressTest" time="0.798"/>
  <testcase name="testAndSet[871]" classname="com.test.Client.ClientStressTest" time="0.94"/>
  <testcase name="testAndSet[872]" classname="com.test.Client.ClientStressTest" time="0.505"/>
  <testcase name="testAndSet[873]" classname="com.test.Client.ClientStressTest" time="0.366"/>
  <testcase name="testAndSet[874]" classname="com.test.Client.ClientStressTest" time="0.611"/>
  <testcase name="testAndSet[875]" classname="com.test.Client.ClientStressTest" time="0.411"/>
  <testcase name="testAndSet[876]" classname="com.test.Client.ClientStressTest" time="0.433"/>
  <testcase name="testAndSet[877]" classname="com.test.Client.ClientStressTest" time="0.288"/>
  <testcase name="testAndSet[878]" classname="com.test.Client.ClientStressTest" time="0.287"/>
  <testcase name="testAndSet[879]" classname="com.test.Client.ClientStressTest" time="0.378"/>
  <testcase name="testAndSet[880]" classname="com.test.Client.ClientStressTest" time="0.22"/>
  <testcase name="testAndSet[881]" classname="com.test.Client.ClientStressTest" time="0.393"/>
  <testcase name="testAndSet[882]" classname="com.test.Client.ClientStressTest" time="0.564"/>
  <testcase name="testAndSet[883]" classname="com.test.Client.ClientStressTest" time="0.49"/>
  <testcase name="testAndSet[884]" classname="com.test.Client.ClientStressTest" time="0.609"/>
  <testcase name="testAndSet[885]" classname="com.test.Client.ClientStressTest" time="0.568"/>
  <testcase name="testAndSet[886]" classname="com.test.Client.ClientStressTest" time="0.485"/>
  <testcase name="testAndSet[887]" classname="com.test.Client.ClientStressTest" time="0.701"/>
  <testcase name="testAndSet[888]" classname="com.test.Client.ClientStressTest" time="0.82"/>
  <testcase name="testAndSet[889]" classname="com.test.Client.ClientStressTest" time="0.478"/>
  <testcase name="testAndSet[890]" classname="com.test.Client.ClientStressTest" time="0.367"/>
  <testcase name="testAndSet[891]" classname="com.test.Client.ClientStressTest" time="0.276"/>
  <testcase name="testAndSet[892]" classname="com.test.Client.ClientStressTest" time="0.267"/>
  <testcase name="testAndSet[893]" classname="com.test.Client.ClientStressTest" time="0.311"/>
  <testcase name="testAndSet[894]" classname="com.test.Client.ClientStressTest" time="0.279"/>
  <testcase name="testAndSet[895]" classname="com.test.Client.ClientStressTest" time="0.254"/>
  <testcase name="testAndSet[896]" classname="com.test.Client.ClientStressTest" time="0.355"/>
  <testcase name="testAndSet[897]" classname="com.test.Client.ClientStressTest" time="0.413"/>
  <testcase name="testAndSet[898]" classname="com.test.Client.ClientStressTest" time="0.298"/>
  <testcase name="testAndSet[899]" classname="com.test.Client.ClientStressTest" time="0.279"/>
  <testcase name="testAndSet[900]" classname="com.test.Client.ClientStressTest" time="0.432"/>
  <testcase name="testAndSet[901]" classname="com.test.Client.ClientStressTest" time="0.254"/>
  <testcase name="testAndSet[902]" classname="com.test.Client.ClientStressTest" time="0.235"/>
  <testcase name="testAndSet[903]" classname="com.test.Client.ClientStressTest" time="0.3"/>
  <testcase name="testAndSet[904]" classname="com.test.Client.ClientStressTest" time="0.398"/>
  <testcase name="testAndSet[905]" classname="com.test.Client.ClientStressTest" time="0.362"/>
  <testcase name="testAndSet[906]" classname="com.test.Client.ClientStressTest" time="0.43"/>
  <testcase name="testAndSet[907]" classname="com.test.Client.ClientStressTest" time="0.53"/>
  <testcase name="testAndSet[908]" classname="com.test.Client.ClientStressTest" time="0.235"/>
  <testcase name="testAndSet[909]" classname="com.test.Client.ClientStressTest" time="0.265"/>
  <testcase name="testAndSet[910]" classname="com.test.Client.ClientStressTest" time="0.176"/>
  <testcase name="testAndSet[911]" classname="com.test.Client.ClientStressTest" time="0.577"/>
  <testcase name="testAndSet[912]" classname="com.test.Client.ClientStressTest" time="0.354"/>
  <testcase name="testAndSet[913]" classname="com.test.Client.ClientStressTest" time="0.532"/>
  <testcase name="testAndSet[914]" classname="com.test.Client.ClientStressTest" time="0.388"/>
  <testcase name="testAndSet[915]" classname="com.test.Client.ClientStressTest" time="0.332"/>
  <testcase name="testAndSet[916]" classname="com.test.Client.ClientStressTest" time="0.922"/>
  <testcase name="testAndSet[917]" classname="com.test.Client.ClientStressTest" time="0.782"/>
  <testcase name="testAndSet[918]" classname="com.test.Client.ClientStressTest" time="0.683"/>
  <testcase name="testAndSet[919]" classname="com.test.Client.ClientStressTest" time="0.41"/>
  <testcase name="testAndSet[920]" classname="com.test.Client.ClientStressTest" time="0.712"/>
  <testcase name="testAndSet[921]" classname="com.test.Client.ClientStressTest" time="0.697"/>
  <testcase name="testAndSet[922]" classname="com.test.Client.ClientStressTest" time="0.658"/>
  <testcase name="testAndSet[923]" classname="com.test.Client.ClientStressTest" time="0.532"/>
  <testcase name="testAndSet[924]" classname="com.test.Client.ClientStressTest" time="0.62"/>
  <testcase name="testAndSet[925]" classname="com.test.Client.ClientStressTest" time="0.42"/>
  <testcase name="testAndSet[926]" classname="com.test.Client.ClientStressTest" time="0.318"/>
  <testcase name="testAndSet[927]" classname="com.test.Client.ClientStressTest" time="0.329"/>
  <testcase name="testAndSet[928]" classname="com.test.Client.ClientStressTest" time="0.542"/>
  <testcase name="testAndSet[929]" classname="com.test.Client.ClientStressTest" time="0.267"/>
  <testcase name="testAndSet[930]" classname="com.test.Client.ClientStressTest" time="0.244"/>
  <testcase name="testAndSet[931]" classname="com.test.Client.ClientStressTest" time="0.21"/>
  <testcase name="testAndSet[932]" classname="com.test.Client.ClientStressTest" time="0.22"/>
  <testcase name="testAndSet[933]" classname="com.test.Client.ClientStressTest" time="0.377"/>
  <testcase name="testAndSet[934]" classname="com.test.Client.ClientStressTest" time="0.299"/>
  <testcase name="testAndSet[935]" classname="com.test.Client.ClientStressTest" time="0.223"/>
  <testcase name="testAndSet[936]" classname="com.test.Client.ClientStressTest" time="0.273"/>
  <testcase name="testAndSet[937]" classname="com.test.Client.ClientStressTest" time="0.279"/>
  <testcase name="testAndSet[938]" classname="com.test.Client.ClientStressTest" time="0.388"/>
  <testcase name="testAndSet[939]" classname="com.test.Client.ClientStressTest" time="0.759"/>
  <testcase name="testAndSet[940]" classname="com.test.Client.ClientStressTest" time="0.733"/>
  <testcase name="testAndSet[941]" classname="com.test.Client.ClientStressTest" time="1.252"/>
  <testcase name="testAndSet[942]" classname="com.test.Client.ClientStressTest" time="0.78"/>
  <testcase name="testAndSet[943]" classname="com.test.Client.ClientStressTest" time="0.4"/>
  <testcase name="testAndSet[944]" classname="com.test.Client.ClientStressTest" time="0.309"/>
  <testcase name="testAndSet[945]" classname="com.test.Client.ClientStressTest" time="0.401"/>
  <testcase name="testAndSet[946]" classname="com.test.Client.ClientStressTest" time="0.41"/>
  <testcase name="testAndSet[947]" classname="com.test.Client.ClientStressTest" time="0.377"/>
  <testcase name="testAndSet[948]" classname="com.test.Client.ClientStressTest" time="0.365"/>
  <testcase name="testAndSet[949]" classname="com.test.Client.ClientStressTest" time="0.403"/>
  <testcase name="testAndSet[950]" classname="com.test.Client.ClientStressTest" time="0.364"/>
  <testcase name="testAndSet[951]" classname="com.test.Client.ClientStressTest" time="0.308"/>
  <testcase name="testAndSet[952]" classname="com.test.Client.ClientStressTest" time="0.332"/>
  <testcase name="testAndSet[953]" classname="com.test.Client.ClientStressTest" time="0.336"/>
  <testcase name="testAndSet[954]" classname="com.test.Client.ClientStressTest" time="0.326"/>
  <testcase name="testAndSet[955]" classname="com.test.Client.ClientStressTest" time="0.519"/>
  <testcase name="testAndSet[956]" classname="com.test.Client.ClientStressTest" time="0.365"/>
  <testcase name="testAndSet[957]" classname="com.test.Client.ClientStressTest" time="0.544"/>
  <testcase name="testAndSet[958]" classname="com.test.Client.ClientStressTest" time="0.49"/>
  <testcase name="testAndSet[959]" classname="com.test.Client.ClientStressTest" time="0.463"/>
  <testcase name="testAndSet[960]" classname="com.test.Client.ClientStressTest" time="0.476"/>
  <testcase name="testAndSet[961]" classname="com.test.Client.ClientStressTest" time="0.968"/>
  <testcase name="testAndSet[962]" classname="com.test.Client.ClientStressTest" time="0.599"/>
  <testcase name="testAndSet[963]" classname="com.test.Client.ClientStressTest" time="0.546"/>
  <testcase name="testAndSet[964]" classname="com.test.Client.ClientStressTest" time="0.63"/>
  <testcase name="testAndSet[965]" classname="com.test.Client.ClientStressTest" time="0.913"/>
  <testcase name="testAndSet[966]" classname="com.test.Client.ClientStressTest" time="0.553"/>
  <testcase name="testAndSet[967]" classname="com.test.Client.ClientStressTest" time="0.714"/>
  <testcase name="testAndSet[968]" classname="com.test.Client.ClientStressTest" time="0.454"/>
  <testcase name="testAndSet[969]" classname="com.test.Client.ClientStressTest" time="0.569"/>
  <testcase name="testAndSet[970]" classname="com.test.Client.ClientStressTest" time="0.475"/>
  <testcase name="testAndSet[971]" classname="com.test.Client.ClientStressTest" time="0.589"/>
  <testcase name="testAndSet[972]" classname="com.test.Client.ClientStressTest" time="0.593"/>
  <testcase name="testAndSet[973]" classname="com.test.Client.ClientStressTest" time="0.872"/>
  <testcase name="testAndSet[974]" classname="com.test.Client.ClientStressTest" time="0.745"/>
  <testcase name="testAndSet[975]" classname="com.test.Client.ClientStressTest" time="0.412"/>
  <testcase name="testAndSet[976]" classname="com.test.Client.ClientStressTest" time="0.478"/>
  <testcase name="testAndSet[977]" classname="com.test.Client.ClientStressTest" time="0.666"/>
  <testcase name="testAndSet[978]" classname="com.test.Client.ClientStressTest" time="0.464"/>
  <testcase name="testAndSet[979]" classname="com.test.Client.ClientStressTest" time="0.535"/>
  <testcase name="testAndSet[980]" classname="com.test.Client.ClientStressTest" time="0.257"/>
  <testcase name="testAndSet[981]" classname="com.test.Client.ClientStressTest" time="0.677"/>
  <testcase name="testAndSet[982]" classname="com.test.Client.ClientStressTest" time="0.419"/>
  <testcase name="testAndSet[983]" classname="com.test.Client.ClientStressTest" time="0.446"/>
  <testcase name="testAndSet[984]" classname="com.test.Client.ClientStressTest" time="0.676"/>
  <testcase name="testAndSet[985]" classname="com.test.Client.ClientStressTest" time="0.648"/>
  <testcase name="testAndSet[986]" classname="com.test.Client.ClientStressTest" time="0.636"/>
  <testcase name="testAndSet[987]" classname="com.test.Client.ClientStressTest" time="0.139"/>
  <testcase name="testAndSet[988]" classname="com.test.Client.ClientStressTest" time="0.121"/>
  <testcase name="testAndSet[989]" classname="com.test.Client.ClientStressTest" time="0.3"/>
  <testcase name="testAndSet[990]" classname="com.test.Client.ClientStressTest" time="0.134"/>
  <testcase name="testAndSet[991]" classname="com.test.Client.ClientStressTest" time="0.135"/>
  <testcase name="testAndSet[992]" classname="com.test.Client.ClientStressTest" time="0.13"/>
  <testcase name="testAndSet[993]" classname="com.test.Client.ClientStressTest" time="0.111"/>
  <testcase name="testAndSet[994]" classname="com.test.Client.ClientStressTest" time="0.133"/>
  <testcase name="testAndSet[995]" classname="com.test.Client.ClientStressTest" time="0.122"/>
  <testcase name="testAndSet[996]" classname="com.test.Client.ClientStressTest" time="0.323"/>
  <testcase name="testAndSet[997]" classname="com.test.Client.ClientStressTest" time="0.156"/>
  <testcase name="testAndSet[998]" classname="com.test.Client.ClientStressTest" time="0.154"/>
  <testcase name="testAndSet[999]" classname="com.test.Client.ClientStressTest" time="0.133"/>
  <testcase name="testAndSet[1000]" classname="com.test.Client.ClientStressTest" time="0.122"/>
</testsuite>
</testsuite>